#
# A fatal error has been detected by the Java Runtime Environment:
#
#  EXCEPTION_ACCESS_VIOLATION (0xc0000005) at pc=0x00007ffade54402f, pid=9336, tid=5020
#
# JRE version: OpenJDK Runtime Environment JBR-17.0.4+7-469.53-jcef (17.0.4+7) (build 17.0.4+7-b469.53)
# Java VM: OpenJDK 64-Bit Server VM JBR-17.0.4+7-469.53-jcef (17.0.4+7-b469.53, mixed mode, tiered, compressed oops, compressed class ptrs, g1 gc, windows-amd64)
# Problematic frame:
# C  0x00007ffade54402f
#
# No core dump will be written. Minidumps are not enabled by default on client versions of Windows
#
# If you would like to submit a bug report, please visit:
#   https://youtrack.jetbrains.com/issues/JBR
# The crash happened outside the Java Virtual Machine in native code.
# See problematic frame for where to report the bug.
#

---------------  S U M M A R Y ------------

Command Line: exit -Xms128m -Xmx750m -XX:ReservedCodeCacheSize=512m -XX:+UseG1GC -XX:SoftRefLRUPolicyMSPerMB=50 -XX:CICompilerCount=2 -XX:+HeapDumpOnOutOfMemoryError -XX:-OmitStackTraceInFastThrow -XX:+IgnoreUnrecognizedVMOptions -XX:CompileCommand=exclude,com/intellij/openapi/vfs/impl/FilePartNodeRoot,trieDescend -ea -Dsun.io.useCanonCaches=false -Dsun.java2d.metal=true -Djbr.catch.SIGABRT=true -Djdk.http.auth.tunneling.disabledSchemes="" -Djdk.attach.allowAttachSelf=true -Djdk.module.illegalAccess.silent=true -Dkotlinx.coroutines.debug=off -Xmx1011m -Djb.vmOptionsFile=C:\Users\gabri\AppData\Roaming\\JetBrains\\DataGrip2022.2\datagrip64.exe.vmoptions -Djava.system.class.loader=com.intellij.util.lang.PathClassLoader -Didea.strict.classpath=true -Didea.vendor.name=JetBrains -Didea.paths.selector=DataGrip2022.2 -Didea.platform.prefix=DataGrip --add-opens=java.base/java.io=ALL-UNNAMED --add-opens=java.base/java.lang=ALL-UNNAMED --add-opens=java.base/java.lang.reflect=ALL-UNNAMED --add-opens=java.base/java.net=ALL-UNNAMED --add-opens=java.base/java.nio=ALL-UNNAMED --add-opens=java.base/java.nio.charset=ALL-UNNAMED --add-opens=java.base/java.text=ALL-UNNAMED --add-opens=java.base/java.time=ALL-UNNAMED --add-opens=java.base/java.util=ALL-UNNAMED --add-opens=java.base/java.util.concurrent=ALL-UNNAMED --add-opens=java.base/java.util.concurrent.atomic=ALL-UNNAMED --add-opens=java.base/jdk.internal.vm=ALL-UNNAMED --add-opens=java.base/sun.nio.ch=ALL-UNNAMED --add-opens=java.base/sun.security.ssl=ALL-UNNAMED --add-opens=java.base/sun.security.util=ALL-UNNAMED --add-opens=java.desktop/java.awt=ALL-UNNAMED --add-opens=java.desktop/java.awt.dnd.peer=ALL-UNNAMED --add-opens=java.desktop/java.awt.event=ALL-UNNAMED --add-opens=java.desktop/java.awt.image=ALL-UNNAMED --add-opens=java.desktop/java.awt.peer=ALL-UNNAMED --add-opens=java.desktop/javax.swing=ALL-UNNAMED --add-opens=java.desktop/javax.swing.plaf.basic=ALL-UNNAMED --add-opens=java.desktop/javax.swing.text.html=ALL-UNNAMED --add-opens=java.desktop/sun.awt.datatransfer=ALL-UNNAMED --add-opens=java.desktop/sun.awt.image=ALL-UNNAMED --add-opens=java.desktop/sun.awt.windows=ALL-UNNAMED --add-opens=java.desktop/sun.awt=ALL-UNNAMED --add-opens=java.desktop/sun.font=ALL-UNNAMED --add-opens=java.desktop/sun.java2d=ALL-UNNAMED --add-opens=java.desktop/sun.swing=ALL-UNNAMED --add-opens=jdk.attach/sun.tools.attach=ALL-UNNAMED --add-opens=jdk.compiler/com.sun.tools.javac.api=ALL-UNNAMED --add-opens=jdk.internal.jvmstat/sun.jvmstat.monitor=ALL-UNNAMED --add-opens=jdk.jdi/com.sun.tools.jdi=ALL-UNNAMED -Dide.native.launcher=true -XX:ErrorFile=C:\Users\gabri\\java_error_in_datagrip64_%p.log -XX:HeapDumpPath=C:\Users\gabri\\java_error_in_datagrip64.hprof 

Host: Intel(R) Core(TM) i5-6200U CPU @ 2.30GHz, 4 cores, 7G,  Windows 10 , 64 bit Build 19041 (10.0.19041.2251)
Time: Fri Dec  2 13:15:56 2022 Paris, Madrid elapsed time: 3816.788980 seconds (0d 1h 3m 36s)

---------------  T H R E A D  ---------------

Current thread (0x000000004e0933a0):  JavaThread "EDT Performance Checker[ApplicationImpl pooled thread 29]" [_thread_in_native, id=5020, stack(0x0000000000630000,0x0000000000730000)]

Stack: [0x0000000000630000,0x0000000000730000],  sp=0x000000000072f328,  free space=1020k
Native frames: (J=compiled Java code, j=interpreted, Vv=VM code, C=native code)
C  0x00007ffade54402f

Java frames: (J=compiled Java code, j=interpreted, Vv=VM code)
J 4656  java.lang.Thread.setNativeName(Ljava/lang/String;)V java.base@17.0.4 (0 bytes) @ 0x00000000164eba6f [0x00000000164eba20+0x000000000000004f]
J 5873 c2 java.lang.Thread.setName(Ljava/lang/String;)V java.base@17.0.4 (36 bytes) @ 0x00000000165aa648 [0x00000000165aa520+0x0000000000000128]
J 5633 c1 com.intellij.util.ConcurrencyUtil.runUnderThreadName(Ljava/lang/String;Ljava/lang/Runnable;)V (74 bytes) @ 0x000000000706050c [0x0000000007060340+0x00000000000001cc]
J 4774 c1 com.intellij.util.concurrency.BoundedTaskExecutor$1.run()V (76 bytes) @ 0x0000000006ed110c [0x0000000006ed07e0+0x000000000000092c]
j  java.util.concurrent.ThreadPoolExecutor.runWorker(Ljava/util/concurrent/ThreadPoolExecutor$Worker;)V+92 java.base@17.0.4
j  java.util.concurrent.ThreadPoolExecutor$Worker.run()V+5 java.base@17.0.4
j  java.util.concurrent.Executors$PrivilegedThreadFactory$1$1.run()Ljava/lang/Void;+23 java.base@17.0.4
j  java.util.concurrent.Executors$PrivilegedThreadFactory$1$1.run()Ljava/lang/Object;+1 java.base@17.0.4
J 3635 c1 java.security.AccessController.doPrivileged(Ljava/security/PrivilegedAction;Ljava/security/AccessControlContext;)Ljava/lang/Object; java.base@17.0.4 (17 bytes) @ 0x0000000006c5c6d4 [0x0000000006c5c500+0x00000000000001d4]
j  java.util.concurrent.Executors$PrivilegedThreadFactory$1.run()V+15 java.base@17.0.4
j  java.lang.Thread.run()V+11 java.base@17.0.4
v  ~StubRoutines::call_stub

siginfo: EXCEPTION_ACCESS_VIOLATION (0xc0000005), data execution prevention violation at address 0x00007ffade54402f


Register to memory mapping:

RIP=0x00007ffade54402f is an unknown value
RAX=0x0000000000000001 is an unknown value
RBX=0x00000000c5f05ca8 is an oop: java.lang.String 
{0x00000000c5f05ca8} - klass: 'java/lang/String'
 - string: "EDT Performance Checker[ApplicationImpl pooled thread 29]"
RCX=0x000000004e093648 points into unknown readable memory: 0x00007ffac41827e0 | e0 27 18 c4 fa 7f 00 00
RDX=0x000000000072f350 is pointing into the stack for thread: 0x000000004e0933a0
RSP=0x000000000072f328 is pointing into the stack for thread: 0x000000004e0933a0
RBP=0x000000000072f390 is pointing into the stack for thread: 0x000000004e0933a0
RSI=0x00000000c603a578 is an oop: java.lang.Thread 
{0x00000000c603a578} - klass: 'java/lang/Thread'
 - ---- fields (total size 46 words):
 - private 'priority' 'I' @12  4
 - private 'eetop' 'J' @16  1309225888 (4e0933a0 0)
 - private final 'stackSize' 'J' @24  0 (0 0)
 - private final 'tid' 'J' @32  66 (42 0)
 - private volatile 'threadStatus' 'I' @40  5
 - private 'daemon' 'Z' @44  false
 - private volatile 'interrupted' 'Z' @45  false
 - private 'stillborn' 'Z' @46  false
 - private volatile 'name' 'Ljava/lang/String;' @48  "EDT Performance Checker[ApplicationImpl pooled thread 29]"{0x00000000c5f05ca8} (c5f05ca8)
 - private 'target' 'Ljava/lang/Runnable;' @52  a 'java/util/concurrent/Executors$PrivilegedThreadFactory$1'{0x00000000c603a560} (c603a560)
 - private 'group' 'Ljava/lang/ThreadGroup;' @56  a 'java/lang/ThreadGroup'{0x00000000c1504328} (c1504328)
 - private 'contextClassLoader' 'Ljava/lang/ClassLoader;' @60  a 'com/intellij/util/lang/PathClassLoader'{0x00000000c1510e70} (c1510e70)
 - private 'inheritedAccessControlContext' 'Ljava/security/AccessControlContext;' @64  a 'java/security/AccessControlContext'{0x00000000c21e1860} (c21e1860)
 - 'threadLocals' 'Ljava/lang/ThreadLocal$ThreadLocalMap;' @68  a 'java/lang/ThreadLocal$ThreadLocalMap'{0x00000000c5f00308} (c5f00308)
 - 'inheritableThreadLocals' 'Ljava/lang/ThreadLocal$ThreadLocalMap;' @72  NULL (0)
 - volatile 'parkBlocker' 'Ljava/lang/Object;' @76  NULL (0)
 - private volatile 'blocker' 'Lsun/nio/ch/Interruptible;' @80  NULL (0)
 - private final 'blockerLock' 'Ljava/lang/Object;' @84  a 'java/lang/Object'{0x00000000c603a758} (c603a758)
 - private volatile 'uncaughtExceptionHandler' 'Ljava/lang/Thread$UncaughtExceptionHandler;' @88  NULL (0)
 - 'threadLocalRandomSeed' 'J' @224  0 (0 0)
 - 'threadLocalRandomProbe' 'I' @232  0
 - 'threadLocalRandomSecondarySeed' 'I' @236  0
RDI=0x00000000c603a818 is an oop: java.lang.String 
{0x00000000c603a818} - klass: 'java/lang/String'
 - string: "ApplicationImpl pooled thread 29"
R8 =0x000000000072f358 is pointing into the stack for thread: 0x000000004e0933a0
R9 =0x0000000000000006 is an unknown value
R10=0x00007ffade54402f is an unknown value
R11=0x0000000000000005 is an unknown value
R12=0x0 is NULL
R13=0x00000000c5f05cc0 is an oop: [B 
{0x00000000c5f05cc0} - klass: {type array byte}
 - length: 57
R14=0x00000000c5f05c60 is pointing into object: [B 
{0x00000000c5f05c50} - klass: {type array byte}
 - length: 70
R15=0x000000004e0933a0 is a thread


Registers:
RAX=0x0000000000000001, RBX=0x00000000c5f05ca8, RCX=0x000000004e093648, RDX=0x000000000072f350
RSP=0x000000000072f328, RBP=0x000000000072f390, RSI=0x00000000c603a578, RDI=0x00000000c603a818
R8 =0x000000000072f358, R9 =0x0000000000000006, R10=0x00007ffade54402f, R11=0x0000000000000005
R12=0x0000000000000000, R13=0x00000000c5f05cc0, R14=0x00000000c5f05c60, R15=0x000000004e0933a0
RIP=0x00007ffade54402f, EFLAGS=0x0000000000010246

Top of Stack: (sp=0x000000000072f328)
0x000000000072f328:   00000000164ebb0b 0000000000000000
0x000000000072f338:   0000000000000000 0000000000000000
0x000000000072f348:   0000000025d6a000 00000000c603a578
0x000000000072f358:   00000000c5f05ca8 000000000072f360
0x000000000072f368:   0000000062699924 000000004e0933a0
0x000000000072f378:   00007ffac39d4369 000000004e0933a0
0x000000000072f388:   00000000c5f05cc0 0000000000000000
0x000000000072f398:   00000000165aa648 0000000000000000
0x000000000072f3a8:   00007ffac3e74a6c 00000000c5f05c60
0x000000000072f3b8:   000000004e0933a0 000000000072f460
0x000000000072f3c8:   00000000c5f05ca8 00000000c603a578
0x000000000072f3d8:   0000000000000000 0000000000000001
0x000000000072f3e8:   00000000c2192da8 000000000072f580
0x000000000072f3f8:   000000000706050c 00000000c5f05238
0x000000000072f408:   0000000007068e84 0000000000000000
0x000000000072f418:   000000001659a4c8 00000000c14fc068 

Instructions: (pc=0x00007ffade54402f)
0x00007ffade543f2f:   ?? ?? ?? ?? ?? ?? ?? ?? ?? ?? ?? ?? ?? ?? ?? ??
0x00007ffade543f3f:   ?? ?? ?? ?? ?? ?? ?? ?? ?? ?? ?? ?? ?? ?? ?? ??
0x00007ffade543f4f:   ?? ?? ?? ?? ?? ?? ?? ?? ?? ?? ?? ?? ?? ?? ?? ??
0x00007ffade543f5f:   ?? ?? ?? ?? ?? ?? ?? ?? ?? ?? ?? ?? ?? ?? ?? ??
0x00007ffade543f6f:   ?? ?? ?? ?? ?? ?? ?? ?? ?? ?? ?? ?? ?? ?? ?? ??
0x00007ffade543f7f:   ?? ?? ?? ?? ?? ?? ?? ?? ?? ?? ?? ?? ?? ?? ?? ??
0x00007ffade543f8f:   ?? ?? ?? ?? ?? ?? ?? ?? ?? ?? ?? ?? ?? ?? ?? ??
0x00007ffade543f9f:   ?? ?? ?? ?? ?? ?? ?? ?? ?? ?? ?? ?? ?? ?? ?? ??
0x00007ffade543faf:   ?? ?? ?? ?? ?? ?? ?? ?? ?? ?? ?? ?? ?? ?? ?? ??
0x00007ffade543fbf:   ?? ?? ?? ?? ?? ?? ?? ?? ?? ?? ?? ?? ?? ?? ?? ??
0x00007ffade543fcf:   ?? ?? ?? ?? ?? ?? ?? ?? ?? ?? ?? ?? ?? ?? ?? ??
0x00007ffade543fdf:   ?? ?? ?? ?? ?? ?? ?? ?? ?? ?? ?? ?? ?? ?? ?? ??
0x00007ffade543fef:   ?? ?? ?? ?? ?? ?? ?? ?? ?? ?? ?? ?? ?? ?? ?? ??
0x00007ffade543fff:   ?? ?? ?? ?? ?? ?? ?? ?? ?? ?? ?? ?? ?? ?? ?? ??
0x00007ffade54400f:   ?? ?? ?? ?? ?? ?? ?? ?? ?? ?? ?? ?? ?? ?? ?? ??
0x00007ffade54401f:   ?? ?? ?? ?? ?? ?? ?? ?? ?? ?? ?? ?? ?? ?? ?? ??
0x00007ffade54402f:   ?? ?? ?? ?? ?? ?? ?? ?? ?? ?? ?? ?? ?? ?? ?? ??
0x00007ffade54403f:   ?? ?? ?? ?? ?? ?? ?? ?? ?? ?? ?? ?? ?? ?? ?? ??
0x00007ffade54404f:   ?? ?? ?? ?? ?? ?? ?? ?? ?? ?? ?? ?? ?? ?? ?? ??
0x00007ffade54405f:   ?? ?? ?? ?? ?? ?? ?? ?? ?? ?? ?? ?? ?? ?? ?? ??
0x00007ffade54406f:   ?? ?? ?? ?? ?? ?? ?? ?? ?? ?? ?? ?? ?? ?? ?? ??
0x00007ffade54407f:   ?? ?? ?? ?? ?? ?? ?? ?? ?? ?? ?? ?? ?? ?? ?? ??
0x00007ffade54408f:   ?? ?? ?? ?? ?? ?? ?? ?? ?? ?? ?? ?? ?? ?? ?? ??
0x00007ffade54409f:   ?? ?? ?? ?? ?? ?? ?? ?? ?? ?? ?? ?? ?? ?? ?? ??
0x00007ffade5440af:   ?? ?? ?? ?? ?? ?? ?? ?? ?? ?? ?? ?? ?? ?? ?? ??
0x00007ffade5440bf:   ?? ?? ?? ?? ?? ?? ?? ?? ?? ?? ?? ?? ?? ?? ?? ??
0x00007ffade5440cf:   ?? ?? ?? ?? ?? ?? ?? ?? ?? ?? ?? ?? ?? ?? ?? ??
0x00007ffade5440df:   ?? ?? ?? ?? ?? ?? ?? ?? ?? ?? ?? ?? ?? ?? ?? ??
0x00007ffade5440ef:   ?? ?? ?? ?? ?? ?? ?? ?? ?? ?? ?? ?? ?? ?? ?? ??
0x00007ffade5440ff:   ?? ?? ?? ?? ?? ?? ?? ?? ?? ?? ?? ?? ?? ?? ?? ??
0x00007ffade54410f:   ?? ?? ?? ?? ?? ?? ?? ?? ?? ?? ?? ?? ?? ?? ?? ??
0x00007ffade54411f:   ?? ?? ?? ?? ?? ?? ?? ?? ?? ?? ?? ?? ?? ?? ?? ?? 


Stack slot to memory mapping:
stack at sp + 0 slots: 0x00000000164ebb0b is at entry_point+235 in (nmethod*)0x00000000164eb890
stack at sp + 1 slots: 0x0 is NULL
stack at sp + 2 slots: 0x0 is NULL
stack at sp + 3 slots: 0x0 is NULL
stack at sp + 4 slots: 0x0000000025d6a000 is an unknown value
stack at sp + 5 slots: 0x00000000c603a578 is an oop: java.lang.Thread 
{0x00000000c603a578} - klass: 'java/lang/Thread'
 - ---- fields (total size 46 words):
 - private 'priority' 'I' @12  4
 - private 'eetop' 'J' @16  1309225888 (4e0933a0 0)
 - private final 'stackSize' 'J' @24  0 (0 0)
 - private final 'tid' 'J' @32  66 (42 0)
 - private volatile 'threadStatus' 'I' @40  5
 - private 'daemon' 'Z' @44  false
 - private volatile 'interrupted' 'Z' @45  false
 - private 'stillborn' 'Z' @46  false
 - private volatile 'name' 'Ljava/lang/String;' @48  "EDT Performance Checker[ApplicationImpl pooled thread 29]"{0x00000000c5f05ca8} (c5f05ca8)
 - private 'target' 'Ljava/lang/Runnable;' @52  a 'java/util/concurrent/Executors$PrivilegedThreadFactory$1'{0x00000000c603a560} (c603a560)
 - private 'group' 'Ljava/lang/ThreadGroup;' @56  a 'java/lang/ThreadGroup'{0x00000000c1504328} (c1504328)
 - private 'contextClassLoader' 'Ljava/lang/ClassLoader;' @60  a 'com/intellij/util/lang/PathClassLoader'{0x00000000c1510e70} (c1510e70)
 - private 'inheritedAccessControlContext' 'Ljava/security/AccessControlContext;' @64  a 'java/security/AccessControlContext'{0x00000000c21e1860} (c21e1860)
 - 'threadLocals' 'Ljava/lang/ThreadLocal$ThreadLocalMap;' @68  a 'java/lang/ThreadLocal$ThreadLocalMap'{0x00000000c5f00308} (c5f00308)
 - 'inheritableThreadLocals' 'Ljava/lang/ThreadLocal$ThreadLocalMap;' @72  NULL (0)
 - volatile 'parkBlocker' 'Ljava/lang/Object;' @76  NULL (0)
 - private volatile 'blocker' 'Lsun/nio/ch/Interruptible;' @80  NULL (0)
 - private final 'blockerLock' 'Ljava/lang/Object;' @84  a 'java/lang/Object'{0x00000000c603a758} (c603a758)
 - private volatile 'uncaughtExceptionHandler' 'Ljava/lang/Thread$UncaughtExceptionHandler;' @88  NULL (0)
 - 'threadLocalRandomSeed' 'J' @224  0 (0 0)
 - 'threadLocalRandomProbe' 'I' @232  0
 - 'threadLocalRandomSecondarySeed' 'I' @236  0
stack at sp + 6 slots: 0x00000000c5f05ca8 is an oop: java.lang.String 
{0x00000000c5f05ca8} - klass: 'java/lang/String'
 - string: "EDT Performance Checker[ApplicationImpl pooled thread 29]"
stack at sp + 7 slots: 0x000000000072f360 is pointing into the stack for thread: 0x000000004e0933a0


---------------  P R O C E S S  ---------------

Threads class SMR info:
_java_thread_list=0x000000005ddf82b0, length=25, elements={
0x0000000002908b80, 0x000000002b227420, 0x000000002b227b50, 0x000000002b2119c0,
0x000000002b2139a0, 0x000000002b214370, 0x000000002b250f50, 0x000000002bf3e5d0,
0x000000002bf3f280, 0x000000002bf3ff30, 0x000000002c0b08c0, 0x000000002c15c830,
0x0000000002909940, 0x000000004c50cce0, 0x000000004c986170, 0x000000004c987650,
0x000000004c736550, 0x000000004c738700, 0x000000004c739a40, 0x000000004c737890,
0x000000004c739f10, 0x000000004e092530, 0x000000004e0963c0, 0x000000004e098f10,
0x000000004e0933a0
}

Java Threads: ( => current thread )
  0x0000000002908b80 JavaThread "main" [_thread_blocked, id=9340, stack(0x0000000000050000,0x0000000000150000)]
  0x000000002b227420 JavaThread "Reference Handler" daemon [_thread_blocked, id=9444, stack(0x000000002bc00000,0x000000002bd00000)]
  0x000000002b227b50 JavaThread "Finalizer" daemon [_thread_blocked, id=9448, stack(0x000000002bd00000,0x000000002be00000)]
  0x000000002b2119c0 JavaThread "Signal Dispatcher" daemon [_thread_blocked, id=9452, stack(0x000000002c330000,0x000000002c430000)]
  0x000000002b2139a0 JavaThread "Attach Listener" daemon [_thread_blocked, id=9456, stack(0x000000002c430000,0x000000002c530000)]
  0x000000002b214370 JavaThread "Service Thread" daemon [_thread_blocked, id=9460, stack(0x000000002c530000,0x000000002c630000)]
  0x000000002b250f50 JavaThread "Monitor Deflation Thread" daemon [_thread_blocked, id=9464, stack(0x000000002c630000,0x000000002c730000)]
  0x000000002bf3e5d0 JavaThread "C2 CompilerThread0" daemon [_thread_blocked, id=9468, stack(0x000000002c730000,0x000000002c830000)]
  0x000000002bf3f280 JavaThread "C1 CompilerThread0" daemon [_thread_blocked, id=9472, stack(0x000000002c830000,0x000000002c930000)]
  0x000000002bf3ff30 JavaThread "Sweeper thread" daemon [_thread_blocked, id=9476, stack(0x000000002c930000,0x000000002ca30000)]
  0x000000002c0b08c0 JavaThread "Common-Cleaner" daemon [_thread_blocked, id=9492, stack(0x000000002ca30000,0x000000002cb30000)]
  0x000000002c15c830 JavaThread "Notification Thread" daemon [_thread_blocked, id=9508, stack(0x000000002cb30000,0x000000002cc30000)]
  0x0000000002909940 JavaThread "WinLauncher external command processing thread" [_thread_in_native, id=9516, stack(0x000000002cd30000,0x000000002ce30000)]
  0x000000004c50cce0 JavaThread "Periodic tasks thread" daemon [_thread_blocked, id=9752, stack(0x000000004ee80000,0x000000004ef80000)]
  0x000000004c986170 JavaThread "Java2D Disposer" daemon [_thread_blocked, id=9756, stack(0x000000004ef80000,0x000000004f080000)]
  0x000000004c987650 JavaThread "AWT-Shutdown" [_thread_blocked, id=9760, stack(0x000000004f080000,0x000000004f180000)]
  0x000000004c736550 JavaThread "AWT-Windows" daemon [_thread_in_native, id=9768, stack(0x000000004f280000,0x000000004f380000)]
  0x000000004c738700 JavaThread "AWT-EventQueue-0" [_thread_blocked, id=9780, stack(0x000000004ffb0000,0x00000000500b0000)]
  0x000000004c739a40 JavaThread "Netty Builtin Server 1" daemon [_thread_in_native, id=10084, stack(0x00000000508a0000,0x00000000509a0000)]
  0x000000004c737890 JavaThread "BatchSpanProcessor_WorkerThread-1" daemon [_thread_blocked, id=10140, stack(0x000000005d460000,0x000000005d560000)]
  0x000000004c739f10 JavaThread "Netty Builtin Server 2" [_thread_in_native, id=10212, stack(0x0000000061a00000,0x0000000061b00000)]
  0x000000004e092530 JavaThread "I/O pool 1" [_thread_blocked, id=12720, stack(0x0000000050100000,0x0000000050200000)]
  0x000000004e0963c0 JavaThread "Thread-0" daemon [_thread_in_native, id=12684, stack(0x000000004cb00000,0x000000004cc00000)]
  0x000000004e098f10 JavaThread "ApplicationImpl pooled thread 28" [_thread_blocked, id=11352, stack(0x0000000000730000,0x0000000000830000)]
=>0x000000004e0933a0 JavaThread "EDT Performance Checker[ApplicationImpl pooled thread 29]" [_thread_in_native, id=5020, stack(0x0000000000630000,0x0000000000730000)]

Other Threads:
  0x000000002b1aac90 VMThread "VM Thread" [stack: 0x000000002b260000,0x000000002b360000] [id=9440]
  0x0000000002955d40 WatcherThread [stack: 0x000000002cc30000,0x000000002cd30000] [id=9512]
  0x0000000002945600 GCTaskThread "GC Thread#0" [stack: 0x0000000028710000,0x0000000028810000] [id=9420]
  0x000000004c9135f0 GCTaskThread "GC Thread#1" [stack: 0x000000004e980000,0x000000004ea80000] [id=9728]
  0x000000004c913090 GCTaskThread "GC Thread#2" [stack: 0x000000004ea80000,0x000000004eb80000] [id=9732]
  0x000000004c9138a0 GCTaskThread "GC Thread#3" [stack: 0x000000004eb80000,0x000000004ec80000] [id=9736]
  0x0000000002951aa0 ConcurrentGCThread "G1 Main Marker" [stack: 0x0000000028810000,0x0000000028910000] [id=9424]
  0x00000000029537d0 ConcurrentGCThread "G1 Conc#0" [stack: 0x0000000028910000,0x0000000028a10000] [id=9428]
  0x00000000029cd1d0 ConcurrentGCThread "G1 Refine#0" [stack: 0x000000002ae60000,0x000000002af60000] [id=9432]
  0x000000004d60ac40 ConcurrentGCThread "G1 Refine#1" [stack: 0x000000004ec80000,0x000000004ed80000] [id=9740]
  0x000000004c966390 ConcurrentGCThread "G1 Refine#2" [stack: 0x000000004ed80000,0x000000004ee80000] [id=9744]
  0x000000004df4c5d0 ConcurrentGCThread "G1 Refine#3" [stack: 0x0000000061800000,0x0000000061900000] [id=10200]
  0x00000000029cd710 ConcurrentGCThread "G1 Service" [stack: 0x000000002af60000,0x000000002b060000] [id=9436]

Threads with active compile tasks:

VM state: not at safepoint (normal execution)

VM Mutex/Monitor currently owned by a thread: None

Heap address: 0x00000000c0c00000, size: 1012 MB, Compressed Oops mode: 32-bit

CDS archive(s) not mapped
Compressed class space mapped at: 0x0000000100000000-0x0000000140000000, reserved size: 1073741824
Narrow klass base: 0x0000000000000000, Narrow klass shift: 3, Narrow klass range: 0x140000000

GC Precious Log:
 CPUs: 4 total, 4 available
 Memory: 8094M
 Large Page Support: Disabled
 NUMA Support: Disabled
 Compressed Oops: Enabled (32-bit)
 Heap Region Size: 1M
 Heap Min Capacity: 128M
 Heap Initial Capacity: 128M
 Heap Max Capacity: 1012M
 Pre-touch: Disabled
 Parallel Workers: 4
 Concurrent Workers: 1
 Concurrent Refinement Workers: 4
 Periodic GC: Disabled

Heap:
 garbage-first heap   total 131072K, used 66642K [0x00000000c0c00000, 0x0000000100000000)
  region size 1024K, 45 young (46080K), 2 survivors (2048K)
 Metaspace       used 70627K, committed 71168K, reserved 1114112K
  class space    used 7624K, committed 7872K, reserved 1048576K

Heap Regions: E=young(eden), S=young(survivor), O=old, HS=humongous(starts), HC=humongous(continues), CS=collection set, F=free, OA=open archive, CA=closed archive, TAMS=top-at-mark-start (previous, next)
|   0|0x00000000c0c00000, 0x00000000c0d00000, 0x00000000c0d00000|100%|HS|  |TAMS 0x00000000c0d00000, 0x00000000c0c00000| Complete 
|   1|0x00000000c0d00000, 0x00000000c0e00000, 0x00000000c0e00000|100%|HS|  |TAMS 0x00000000c0e00000, 0x00000000c0d00000| Complete 
|   2|0x00000000c0e00000, 0x00000000c0f00000, 0x00000000c0f00000|100%| O|  |TAMS 0x00000000c0f00000, 0x00000000c0e00000| Untracked 
|   3|0x00000000c0f00000, 0x00000000c1000000, 0x00000000c1000000|100%| O|  |TAMS 0x00000000c1000000, 0x00000000c0f00000| Untracked 
|   4|0x00000000c1000000, 0x00000000c1100000, 0x00000000c1100000|100%| O|  |TAMS 0x00000000c1100000, 0x00000000c1000000| Untracked 
|   5|0x00000000c1100000, 0x00000000c1200000, 0x00000000c1200000|100%| O|  |TAMS 0x00000000c1200000, 0x00000000c1100000| Untracked 
|   6|0x00000000c1200000, 0x00000000c1300000, 0x00000000c1300000|100%| O|  |TAMS 0x00000000c1300000, 0x00000000c1200000| Untracked 
|   7|0x00000000c1300000, 0x00000000c1300000, 0x00000000c1400000|  0%| F|  |TAMS 0x00000000c1300000, 0x00000000c1300000| Untracked 
|   8|0x00000000c1400000, 0x00000000c1500000, 0x00000000c1500000|100%| O|  |TAMS 0x00000000c1500000, 0x00000000c1400000| Untracked 
|   9|0x00000000c1500000, 0x00000000c1600000, 0x00000000c1600000|100%| O|  |TAMS 0x00000000c1600000, 0x00000000c1500000| Untracked 
|  10|0x00000000c1600000, 0x00000000c1700000, 0x00000000c1700000|100%| O|  |TAMS 0x00000000c1700000, 0x00000000c1600000| Untracked 
|  11|0x00000000c1700000, 0x00000000c1800000, 0x00000000c1800000|100%| O|  |TAMS 0x00000000c1800000, 0x00000000c1700000| Untracked 
|  12|0x00000000c1800000, 0x00000000c1900000, 0x00000000c1900000|100%| O|  |TAMS 0x00000000c1900000, 0x00000000c1800000| Untracked 
|  13|0x00000000c1900000, 0x00000000c1a00000, 0x00000000c1a00000|100%| O|  |TAMS 0x00000000c1a00000, 0x00000000c1900000| Untracked 
|  14|0x00000000c1a00000, 0x00000000c1b00000, 0x00000000c1b00000|100%| O|  |TAMS 0x00000000c1b00000, 0x00000000c1a00000| Untracked 
|  15|0x00000000c1b00000, 0x00000000c1c00000, 0x00000000c1c00000|100%| O|  |TAMS 0x00000000c1c00000, 0x00000000c1b00000| Untracked 
|  16|0x00000000c1c00000, 0x00000000c1d00000, 0x00000000c1d00000|100%|HS|  |TAMS 0x00000000c1d00000, 0x00000000c1c00000| Complete 
|  17|0x00000000c1d00000, 0x00000000c1e00000, 0x00000000c1e00000|100%| O|  |TAMS 0x00000000c1e00000, 0x00000000c1d00000| Untracked 
|  18|0x00000000c1e00000, 0x00000000c1f00000, 0x00000000c1f00000|100%| O|  |TAMS 0x00000000c1f00000, 0x00000000c1e00000| Untracked 
|  19|0x00000000c1f00000, 0x00000000c2000000, 0x00000000c2000000|100%| O|  |TAMS 0x00000000c2000000, 0x00000000c1f00000| Untracked 
|  20|0x00000000c2000000, 0x00000000c2100000, 0x00000000c2100000|100%| O|  |TAMS 0x00000000c2100000, 0x00000000c2000000| Untracked 
|  21|0x00000000c2100000, 0x00000000c2200000, 0x00000000c2200000|100%| O|  |TAMS 0x00000000c2200000, 0x00000000c2100000| Untracked 
|  22|0x00000000c2200000, 0x00000000c22ed200, 0x00000000c2300000| 92%| O|  |TAMS 0x00000000c22ed200, 0x00000000c2200000| Untracked 
|  23|0x00000000c2300000, 0x00000000c2300000, 0x00000000c2400000|  0%| F|  |TAMS 0x00000000c2300000, 0x00000000c2300000| Untracked 
|  24|0x00000000c2400000, 0x00000000c2400000, 0x00000000c2500000|  0%| F|  |TAMS 0x00000000c2400000, 0x00000000c2400000| Untracked 
|  25|0x00000000c2500000, 0x00000000c2500000, 0x00000000c2600000|  0%| F|  |TAMS 0x00000000c2500000, 0x00000000c2500000| Untracked 
|  26|0x00000000c2600000, 0x00000000c2600000, 0x00000000c2700000|  0%| F|  |TAMS 0x00000000c2600000, 0x00000000c2600000| Untracked 
|  27|0x00000000c2700000, 0x00000000c2700000, 0x00000000c2800000|  0%| F|  |TAMS 0x00000000c2700000, 0x00000000c2700000| Untracked 
|  28|0x00000000c2800000, 0x00000000c2800000, 0x00000000c2900000|  0%| F|  |TAMS 0x00000000c2800000, 0x00000000c2800000| Untracked 
|  29|0x00000000c2900000, 0x00000000c2900000, 0x00000000c2a00000|  0%| F|  |TAMS 0x00000000c2900000, 0x00000000c2900000| Untracked 
|  30|0x00000000c2a00000, 0x00000000c2a00000, 0x00000000c2b00000|  0%| F|  |TAMS 0x00000000c2a00000, 0x00000000c2a00000| Untracked 
|  31|0x00000000c2b00000, 0x00000000c2b00000, 0x00000000c2c00000|  0%| F|  |TAMS 0x00000000c2b00000, 0x00000000c2b00000| Untracked 
|  32|0x00000000c2c00000, 0x00000000c2c00000, 0x00000000c2d00000|  0%| F|  |TAMS 0x00000000c2c00000, 0x00000000c2c00000| Untracked 
|  33|0x00000000c2d00000, 0x00000000c2d00000, 0x00000000c2e00000|  0%| F|  |TAMS 0x00000000c2d00000, 0x00000000c2d00000| Untracked 
|  34|0x00000000c2e00000, 0x00000000c2e00000, 0x00000000c2f00000|  0%| F|  |TAMS 0x00000000c2e00000, 0x00000000c2e00000| Untracked 
|  35|0x00000000c2f00000, 0x00000000c2f00000, 0x00000000c3000000|  0%| F|  |TAMS 0x00000000c2f00000, 0x00000000c2f00000| Untracked 
|  36|0x00000000c3000000, 0x00000000c3000000, 0x00000000c3100000|  0%| F|  |TAMS 0x00000000c3000000, 0x00000000c3000000| Untracked 
|  37|0x00000000c3100000, 0x00000000c3100000, 0x00000000c3200000|  0%| F|  |TAMS 0x00000000c3100000, 0x00000000c3100000| Untracked 
|  38|0x00000000c3200000, 0x00000000c3200000, 0x00000000c3300000|  0%| F|  |TAMS 0x00000000c3200000, 0x00000000c3200000| Untracked 
|  39|0x00000000c3300000, 0x00000000c3300000, 0x00000000c3400000|  0%| F|  |TAMS 0x00000000c3300000, 0x00000000c3300000| Untracked 
|  40|0x00000000c3400000, 0x00000000c3400000, 0x00000000c3500000|  0%| F|  |TAMS 0x00000000c3400000, 0x00000000c3400000| Untracked 
|  41|0x00000000c3500000, 0x00000000c3500000, 0x00000000c3600000|  0%| F|  |TAMS 0x00000000c3500000, 0x00000000c3500000| Untracked 
|  42|0x00000000c3600000, 0x00000000c3600000, 0x00000000c3700000|  0%| F|  |TAMS 0x00000000c3600000, 0x00000000c3600000| Untracked 
|  43|0x00000000c3700000, 0x00000000c3700000, 0x00000000c3800000|  0%| F|  |TAMS 0x00000000c3700000, 0x00000000c3700000| Untracked 
|  44|0x00000000c3800000, 0x00000000c3800000, 0x00000000c3900000|  0%| F|  |TAMS 0x00000000c3800000, 0x00000000c3800000| Untracked 
|  45|0x00000000c3900000, 0x00000000c3900000, 0x00000000c3a00000|  0%| F|  |TAMS 0x00000000c3900000, 0x00000000c3900000| Untracked 
|  46|0x00000000c3a00000, 0x00000000c3a00000, 0x00000000c3b00000|  0%| F|  |TAMS 0x00000000c3a00000, 0x00000000c3a00000| Untracked 
|  47|0x00000000c3b00000, 0x00000000c3b00000, 0x00000000c3c00000|  0%| F|  |TAMS 0x00000000c3b00000, 0x00000000c3b00000| Untracked 
|  48|0x00000000c3c00000, 0x00000000c3c00000, 0x00000000c3d00000|  0%| F|  |TAMS 0x00000000c3c00000, 0x00000000c3c00000| Untracked 
|  49|0x00000000c3d00000, 0x00000000c3d00000, 0x00000000c3e00000|  0%| F|  |TAMS 0x00000000c3d00000, 0x00000000c3d00000| Untracked 
|  50|0x00000000c3e00000, 0x00000000c3e00000, 0x00000000c3f00000|  0%| F|  |TAMS 0x00000000c3e00000, 0x00000000c3e00000| Untracked 
|  51|0x00000000c3f00000, 0x00000000c3f00000, 0x00000000c4000000|  0%| F|  |TAMS 0x00000000c3f00000, 0x00000000c3f00000| Untracked 
|  52|0x00000000c4000000, 0x00000000c4000000, 0x00000000c4100000|  0%| F|  |TAMS 0x00000000c4000000, 0x00000000c4000000| Untracked 
|  53|0x00000000c4100000, 0x00000000c4100000, 0x00000000c4200000|  0%| F|  |TAMS 0x00000000c4100000, 0x00000000c4100000| Untracked 
|  54|0x00000000c4200000, 0x00000000c4200000, 0x00000000c4300000|  0%| F|  |TAMS 0x00000000c4200000, 0x00000000c4200000| Untracked 
|  55|0x00000000c4300000, 0x00000000c4300000, 0x00000000c4400000|  0%| F|  |TAMS 0x00000000c4300000, 0x00000000c4300000| Untracked 
|  56|0x00000000c4400000, 0x00000000c4400000, 0x00000000c4500000|  0%| F|  |TAMS 0x00000000c4400000, 0x00000000c4400000| Untracked 
|  57|0x00000000c4500000, 0x00000000c4500000, 0x00000000c4600000|  0%| F|  |TAMS 0x00000000c4500000, 0x00000000c4500000| Untracked 
|  58|0x00000000c4600000, 0x00000000c4600000, 0x00000000c4700000|  0%| F|  |TAMS 0x00000000c4600000, 0x00000000c4600000| Untracked 
|  59|0x00000000c4700000, 0x00000000c4700000, 0x00000000c4800000|  0%| F|  |TAMS 0x00000000c4700000, 0x00000000c4700000| Untracked 
|  60|0x00000000c4800000, 0x00000000c4800000, 0x00000000c4900000|  0%| F|  |TAMS 0x00000000c4800000, 0x00000000c4800000| Untracked 
|  61|0x00000000c4900000, 0x00000000c4900000, 0x00000000c4a00000|  0%| F|  |TAMS 0x00000000c4900000, 0x00000000c4900000| Untracked 
|  62|0x00000000c4a00000, 0x00000000c4a00000, 0x00000000c4b00000|  0%| F|  |TAMS 0x00000000c4a00000, 0x00000000c4a00000| Untracked 
|  63|0x00000000c4b00000, 0x00000000c4b00000, 0x00000000c4c00000|  0%| F|  |TAMS 0x00000000c4b00000, 0x00000000c4b00000| Untracked 
|  64|0x00000000c4c00000, 0x00000000c4c00000, 0x00000000c4d00000|  0%| F|  |TAMS 0x00000000c4c00000, 0x00000000c4c00000| Untracked 
|  65|0x00000000c4d00000, 0x00000000c4d00000, 0x00000000c4e00000|  0%| F|  |TAMS 0x00000000c4d00000, 0x00000000c4d00000| Untracked 
|  66|0x00000000c4e00000, 0x00000000c4e00000, 0x00000000c4f00000|  0%| F|  |TAMS 0x00000000c4e00000, 0x00000000c4e00000| Untracked 
|  67|0x00000000c4f00000, 0x00000000c4f00000, 0x00000000c5000000|  0%| F|  |TAMS 0x00000000c4f00000, 0x00000000c4f00000| Untracked 
|  68|0x00000000c5000000, 0x00000000c5000000, 0x00000000c5100000|  0%| F|  |TAMS 0x00000000c5000000, 0x00000000c5000000| Untracked 
|  69|0x00000000c5100000, 0x00000000c5100000, 0x00000000c5200000|  0%| F|  |TAMS 0x00000000c5100000, 0x00000000c5100000| Untracked 
|  70|0x00000000c5200000, 0x00000000c5200000, 0x00000000c5300000|  0%| F|  |TAMS 0x00000000c5200000, 0x00000000c5200000| Untracked 
|  71|0x00000000c5300000, 0x00000000c5300000, 0x00000000c5400000|  0%| F|  |TAMS 0x00000000c5300000, 0x00000000c5300000| Untracked 
|  72|0x00000000c5400000, 0x00000000c5400000, 0x00000000c5500000|  0%| F|  |TAMS 0x00000000c5400000, 0x00000000c5400000| Untracked 
|  73|0x00000000c5500000, 0x00000000c5500000, 0x00000000c5600000|  0%| F|  |TAMS 0x00000000c5500000, 0x00000000c5500000| Untracked 
|  74|0x00000000c5600000, 0x00000000c5600000, 0x00000000c5700000|  0%| F|  |TAMS 0x00000000c5600000, 0x00000000c5600000| Untracked 
|  75|0x00000000c5700000, 0x00000000c5700000, 0x00000000c5800000|  0%| F|  |TAMS 0x00000000c5700000, 0x00000000c5700000| Untracked 
|  76|0x00000000c5800000, 0x00000000c5800000, 0x00000000c5900000|  0%| F|  |TAMS 0x00000000c5800000, 0x00000000c5800000| Untracked 
|  77|0x00000000c5900000, 0x00000000c5900000, 0x00000000c5a00000|  0%| F|  |TAMS 0x00000000c5900000, 0x00000000c5900000| Untracked 
|  78|0x00000000c5a00000, 0x00000000c5a00000, 0x00000000c5b00000|  0%| F|  |TAMS 0x00000000c5a00000, 0x00000000c5a00000| Untracked 
|  79|0x00000000c5b00000, 0x00000000c5b00000, 0x00000000c5c00000|  0%| F|  |TAMS 0x00000000c5b00000, 0x00000000c5b00000| Untracked 
|  80|0x00000000c5c00000, 0x00000000c5c00000, 0x00000000c5d00000|  0%| F|  |TAMS 0x00000000c5c00000, 0x00000000c5c00000| Untracked 
|  81|0x00000000c5d00000, 0x00000000c5d00000, 0x00000000c5e00000|  0%| F|  |TAMS 0x00000000c5d00000, 0x00000000c5d00000| Untracked 
|  82|0x00000000c5e00000, 0x00000000c5e00000, 0x00000000c5f00000|  0%| F|  |TAMS 0x00000000c5e00000, 0x00000000c5e00000| Untracked 
|  83|0x00000000c5f00000, 0x00000000c5f542e0, 0x00000000c6000000| 32%| E|  |TAMS 0x00000000c5f00000, 0x00000000c5f00000| Complete 
|  84|0x00000000c6000000, 0x00000000c6100000, 0x00000000c6100000|100%| E|CS|TAMS 0x00000000c6000000, 0x00000000c6000000| Complete 
|  85|0x00000000c6100000, 0x00000000c6200000, 0x00000000c6200000|100%| E|CS|TAMS 0x00000000c6100000, 0x00000000c6100000| Complete 
|  86|0x00000000c6200000, 0x00000000c6300000, 0x00000000c6300000|100%| E|CS|TAMS 0x00000000c6200000, 0x00000000c6200000| Complete 
|  87|0x00000000c6300000, 0x00000000c6400000, 0x00000000c6400000|100%| E|CS|TAMS 0x00000000c6300000, 0x00000000c6300000| Complete 
|  88|0x00000000c6400000, 0x00000000c6500000, 0x00000000c6500000|100%| E|CS|TAMS 0x00000000c6400000, 0x00000000c6400000| Complete 
|  89|0x00000000c6500000, 0x00000000c6600000, 0x00000000c6600000|100%| E|CS|TAMS 0x00000000c6500000, 0x00000000c6500000| Complete 
|  90|0x00000000c6600000, 0x00000000c6700000, 0x00000000c6700000|100%| E|CS|TAMS 0x00000000c6600000, 0x00000000c6600000| Complete 
|  91|0x00000000c6700000, 0x00000000c6800000, 0x00000000c6800000|100%| E|CS|TAMS 0x00000000c6700000, 0x00000000c6700000| Complete 
|  92|0x00000000c6800000, 0x00000000c6900000, 0x00000000c6900000|100%| E|CS|TAMS 0x00000000c6800000, 0x00000000c6800000| Complete 
|  93|0x00000000c6900000, 0x00000000c6a00000, 0x00000000c6a00000|100%| E|CS|TAMS 0x00000000c6900000, 0x00000000c6900000| Complete 
|  94|0x00000000c6a00000, 0x00000000c6b00000, 0x00000000c6b00000|100%| E|CS|TAMS 0x00000000c6a00000, 0x00000000c6a00000| Complete 
|  95|0x00000000c6b00000, 0x00000000c6c00000, 0x00000000c6c00000|100%| E|CS|TAMS 0x00000000c6b00000, 0x00000000c6b00000| Complete 
|  96|0x00000000c6c00000, 0x00000000c6d00000, 0x00000000c6d00000|100%| E|CS|TAMS 0x00000000c6c00000, 0x00000000c6c00000| Complete 
|  97|0x00000000c6d00000, 0x00000000c6e00000, 0x00000000c6e00000|100%| E|CS|TAMS 0x00000000c6d00000, 0x00000000c6d00000| Complete 
|  98|0x00000000c6e00000, 0x00000000c6f00000, 0x00000000c6f00000|100%| E|CS|TAMS 0x00000000c6e00000, 0x00000000c6e00000| Complete 
|  99|0x00000000c6f00000, 0x00000000c6f27678, 0x00000000c7000000| 15%| S|CS|TAMS 0x00000000c6f00000, 0x00000000c6f00000| Complete 
| 100|0x00000000c7000000, 0x00000000c7100000, 0x00000000c7100000|100%| S|CS|TAMS 0x00000000c7000000, 0x00000000c7000000| Complete 
| 101|0x00000000c7100000, 0x00000000c7200000, 0x00000000c7200000|100%| E|CS|TAMS 0x00000000c7100000, 0x00000000c7100000| Complete 
| 102|0x00000000c7200000, 0x00000000c7300000, 0x00000000c7300000|100%| E|CS|TAMS 0x00000000c7200000, 0x00000000c7200000| Complete 
| 103|0x00000000c7300000, 0x00000000c7400000, 0x00000000c7400000|100%| E|CS|TAMS 0x00000000c7300000, 0x00000000c7300000| Complete 
| 104|0x00000000c7400000, 0x00000000c7500000, 0x00000000c7500000|100%| E|CS|TAMS 0x00000000c7400000, 0x00000000c7400000| Complete 
| 105|0x00000000c7500000, 0x00000000c7600000, 0x00000000c7600000|100%| E|CS|TAMS 0x00000000c7500000, 0x00000000c7500000| Complete 
| 106|0x00000000c7600000, 0x00000000c7700000, 0x00000000c7700000|100%| E|CS|TAMS 0x00000000c7600000, 0x00000000c7600000| Complete 
| 107|0x00000000c7700000, 0x00000000c7800000, 0x00000000c7800000|100%| E|CS|TAMS 0x00000000c7700000, 0x00000000c7700000| Complete 
| 108|0x00000000c7800000, 0x00000000c7900000, 0x00000000c7900000|100%| E|CS|TAMS 0x00000000c7800000, 0x00000000c7800000| Complete 
| 109|0x00000000c7900000, 0x00000000c7a00000, 0x00000000c7a00000|100%| E|CS|TAMS 0x00000000c7900000, 0x00000000c7900000| Complete 
| 110|0x00000000c7a00000, 0x00000000c7b00000, 0x00000000c7b00000|100%| E|CS|TAMS 0x00000000c7a00000, 0x00000000c7a00000| Complete 
| 111|0x00000000c7b00000, 0x00000000c7c00000, 0x00000000c7c00000|100%| E|CS|TAMS 0x00000000c7b00000, 0x00000000c7b00000| Complete 
| 112|0x00000000c7c00000, 0x00000000c7d00000, 0x00000000c7d00000|100%| E|CS|TAMS 0x00000000c7c00000, 0x00000000c7c00000| Complete 
| 113|0x00000000c7d00000, 0x00000000c7e00000, 0x00000000c7e00000|100%| E|CS|TAMS 0x00000000c7d00000, 0x00000000c7d00000| Complete 
| 114|0x00000000c7e00000, 0x00000000c7f00000, 0x00000000c7f00000|100%| E|CS|TAMS 0x00000000c7e00000, 0x00000000c7e00000| Complete 
| 115|0x00000000c7f00000, 0x00000000c8000000, 0x00000000c8000000|100%| E|CS|TAMS 0x00000000c7f00000, 0x00000000c7f00000| Complete 
| 116|0x00000000c8000000, 0x00000000c8100000, 0x00000000c8100000|100%| E|CS|TAMS 0x00000000c8000000, 0x00000000c8000000| Complete 
| 117|0x00000000c8100000, 0x00000000c8200000, 0x00000000c8200000|100%| E|CS|TAMS 0x00000000c8100000, 0x00000000c8100000| Complete 
| 118|0x00000000c8200000, 0x00000000c8300000, 0x00000000c8300000|100%| E|CS|TAMS 0x00000000c8200000, 0x00000000c8200000| Complete 
| 119|0x00000000c8300000, 0x00000000c8400000, 0x00000000c8400000|100%| E|CS|TAMS 0x00000000c8300000, 0x00000000c8300000| Complete 
| 120|0x00000000c8400000, 0x00000000c8500000, 0x00000000c8500000|100%| E|CS|TAMS 0x00000000c8400000, 0x00000000c8400000| Complete 
| 121|0x00000000c8500000, 0x00000000c8600000, 0x00000000c8600000|100%| E|CS|TAMS 0x00000000c8500000, 0x00000000c8500000| Complete 
| 122|0x00000000c8600000, 0x00000000c8700000, 0x00000000c8700000|100%| E|CS|TAMS 0x00000000c8600000, 0x00000000c8600000| Complete 
| 123|0x00000000c8700000, 0x00000000c8800000, 0x00000000c8800000|100%| E|CS|TAMS 0x00000000c8700000, 0x00000000c8700000| Complete 
| 124|0x00000000c8800000, 0x00000000c8900000, 0x00000000c8900000|100%| E|CS|TAMS 0x00000000c8800000, 0x00000000c8800000| Complete 
| 125|0x00000000c8900000, 0x00000000c8a00000, 0x00000000c8a00000|100%| E|CS|TAMS 0x00000000c8900000, 0x00000000c8900000| Complete 
| 126|0x00000000c8a00000, 0x00000000c8b00000, 0x00000000c8b00000|100%| E|CS|TAMS 0x00000000c8a00000, 0x00000000c8a00000| Complete 
| 127|0x00000000c8b00000, 0x00000000c8c00000, 0x00000000c8c00000|100%| E|CS|TAMS 0x00000000c8b00000, 0x00000000c8b00000| Complete 

Card table byte_map: [0x0000000026370000,0x0000000026570000] _byte_map_base: 0x0000000025d6a000

Marking Bits (Prev, Next): (CMBitMap*) 0x0000000002946b70, (CMBitMap*) 0x0000000002946b30
 Prev Bits: [0x0000000027740000, 0x0000000028710000)
 Next Bits: [0x0000000026770000, 0x0000000027740000)

Polling page: 0x00000000004d0000

Metaspace:

Usage:
  Non-class:     61.53 MB used.
      Class:      7.45 MB used.
       Both:     68.97 MB used.

Virtual space:
  Non-class space:       64.00 MB reserved,      61.81 MB ( 97%) committed,  8 nodes.
      Class space:        1.00 GB reserved,       7.69 MB ( <1%) committed,  1 nodes.
             Both:        1.06 GB reserved,      69.50 MB (  6%) committed. 

Chunk freelists:
   Non-Class:  1.88 MB
       Class:  169.00 KB
        Both:  2.04 MB

MaxMetaspaceSize: unlimited
CompressedClassSpaceSize: 1.00 GB
Initial GC threshold: 21.00 MB
Current GC threshold: 102.62 MB
CDS: off
MetaspaceReclaimPolicy: balanced
 - commit_granule_bytes: 65536.
 - commit_granule_words: 8192.
 - virtual_space_node_default_size: 1048576.
 - enlarge_chunks_in_place: 1.
 - new_chunks_are_fully_committed: 0.
 - uncommit_free_chunks: 1.
 - use_allocation_guard: 0.
 - handle_deallocations: 1.


Internal statistics:

num_allocs_failed_limit: 24.
num_arena_births: 934.
num_arena_deaths: 202.
num_vsnodes_births: 9.
num_vsnodes_deaths: 0.
num_space_committed: 1110.
num_space_uncommitted: 0.
num_chunks_returned_to_freelist: 241.
num_chunks_taken_from_freelist: 2951.
num_chunk_merges: 93.
num_chunk_splits: 1938.
num_chunks_enlarged: 1376.
num_purges: 2.
num_inconsistent_stats: 0.

CodeHeap 'non-profiled nmethods': size=259328Kb used=2688Kb max_used=2688Kb free=256640Kb
 bounds [0x0000000016320000, 0x00000000165c0000, 0x0000000026060000]
CodeHeap 'profiled nmethods': size=259264Kb used=11120Kb max_used=11120Kb free=248143Kb
 bounds [0x00000000065f0000, 0x00000000070d0000, 0x0000000016320000]
CodeHeap 'non-nmethods': size=5696Kb used=1535Kb max_used=1612Kb free=4160Kb
 bounds [0x0000000006060000, 0x00000000062d0000, 0x00000000065f0000]
 total_blobs=6748 nmethods=5826 adapters=834
 compilation: enabled
              stopped_count=0, restarted_count=0
 full_count=0

Compilation events (20 events):
Event: 3385.805 Thread 0x000000002bf3e5d0 5908       4       java.util.HashMap::<init> (11 bytes)
Event: 3385.806 Thread 0x000000002bf3e5d0 nmethod 5908 0x00000000165b8a90 code [0x00000000165b8c00, 0x00000000165b8c78]
Event: 3401.961 Thread 0x000000002bf3e5d0 5909       4       java.lang.invoke.MethodType::dropParameterTypes (162 bytes)
Event: 3401.966 Thread 0x000000002bf3e5d0 nmethod 5909 0x00000000165b8d90 code [0x00000000165b8f40, 0x00000000165b9508]
Event: 3557.352 Thread 0x000000002bf3e5d0 5910       4       java.lang.invoke.LambdaFormEditor::bindArgumentType (101 bytes)
Event: 3557.357 Thread 0x000000002bf3e5d0 nmethod 5910 0x00000000165b9810 code [0x00000000165b99c0, 0x00000000165b9fa8]
Event: 3607.220 Thread 0x000000002bf3f280 5911       3       com.fasterxml.jackson.core.json.JsonGeneratorImpl::_verifyPrettyValueWrite (138 bytes)
Event: 3607.221 Thread 0x000000002bf3f280 nmethod 5911 0x00000000070ca490 code [0x00000000070ca700, 0x00000000070cb208]
Event: 3607.221 Thread 0x000000002bf3f280 5912       3       com.fasterxml.jackson.databind.ser.std.NumberSerializers$IntegerSerializer::serialize (12 bytes)
Event: 3607.221 Thread 0x000000002bf3f280 nmethod 5912 0x00000000070cb490 code [0x00000000070cb640, 0x00000000070cb8a8]
Event: 3607.221 Thread 0x000000002bf3f280 5913       3       com.fasterxml.jackson.core.json.UTF8JsonGenerator::writeNumber (54 bytes)
Event: 3607.221 Thread 0x000000002bf3f280 nmethod 5913 0x00000000070cba10 code [0x00000000070cbbe0, 0x00000000070cbe98]
Event: 3619.990 Thread 0x000000002bf3e5d0 5914       4       java.lang.invoke.LambdaFormEditor::bindArgumentL (59 bytes)
Event: 3620.049 Thread 0x000000002bf3e5d0 nmethod 5914 0x00000000165ba310 code [0x00000000165ba760, 0x00000000165bc788]
Event: 3738.157 Thread 0x000000002bf3e5d0 5915       4       com.intellij.ide.IdeEventQueue::dispatchByCustomDispatchers (101 bytes)
Event: 3738.216 Thread 0x000000002bf3e5d0 nmethod 5915 0x00000000165bdf90 code [0x00000000165be1c0, 0x00000000165bf128]
Event: 3744.552 Thread 0x000000002bf3f280 5916       3       java.util.HashMap$EntryIterator::next (5 bytes)
Event: 3744.553 Thread 0x000000002bf3f280 nmethod 5916 0x00000000070cbf90 code [0x00000000070cc140, 0x00000000070cc2c8]
Event: 3801.216 Thread 0x000000002bf3e5d0 5917       4       com.intellij.openapi.diagnostic.JulLogger::isTraceEnabled (11 bytes)
Event: 3801.217 Thread 0x000000002bf3e5d0 nmethod 5917 0x00000000165bfc90 code [0x00000000165bfe00, 0x00000000165bfed8]

GC Heap History (18 events):
Event: 1.553 GC heap before
{Heap before GC invocations=0 (full 0):
 garbage-first heap   total 131072K, used 15360K [0x00000000c0c00000, 0x0000000100000000)
  region size 1024K, 13 young (13312K), 0 survivors (0K)
 Metaspace       used 14884K, committed 15104K, reserved 1064960K
  class space    used 1402K, committed 1472K, reserved 1048576K
}
Event: 1.562 GC heap after
{Heap after GC invocations=1 (full 0):
 garbage-first heap   total 131072K, used 6428K [0x00000000c0c00000, 0x0000000100000000)
  region size 1024K, 2 young (2048K), 2 survivors (2048K)
 Metaspace       used 14884K, committed 15104K, reserved 1064960K
  class space    used 1402K, committed 1472K, reserved 1048576K
}
Event: 1.932 GC heap before
{Heap before GC invocations=1 (full 0):
 garbage-first heap   total 131072K, used 12572K [0x00000000c0c00000, 0x0000000100000000)
  region size 1024K, 8 young (8192K), 2 survivors (2048K)
 Metaspace       used 20820K, committed 21120K, reserved 1073152K
  class space    used 2019K, committed 2112K, reserved 1048576K
}
Event: 1.939 GC heap after
{Heap after GC invocations=2 (full 0):
 garbage-first heap   total 131072K, used 8461K [0x00000000c0c00000, 0x0000000100000000)
  region size 1024K, 1 young (1024K), 1 survivors (1024K)
 Metaspace       used 20820K, committed 21120K, reserved 1073152K
  class space    used 2019K, committed 2112K, reserved 1048576K
}
Event: 1.969 GC heap before
{Heap before GC invocations=2 (full 0):
 garbage-first heap   total 131072K, used 9485K [0x00000000c0c00000, 0x0000000100000000)
  region size 1024K, 3 young (3072K), 1 survivors (1024K)
 Metaspace       used 21208K, committed 21504K, reserved 1073152K
  class space    used 2066K, committed 2240K, reserved 1048576K
}
Event: 1.972 GC heap after
{Heap after GC invocations=3 (full 0):
 garbage-first heap   total 131072K, used 8679K [0x00000000c0c00000, 0x0000000100000000)
  region size 1024K, 2 young (2048K), 2 survivors (2048K)
 Metaspace       used 21208K, committed 21504K, reserved 1073152K
  class space    used 2066K, committed 2240K, reserved 1048576K
}
Event: 4.681 GC heap before
{Heap before GC invocations=4 (full 0):
 garbage-first heap   total 131072K, used 35303K [0x00000000c0c00000, 0x0000000100000000)
  region size 1024K, 30 young (30720K), 2 survivors (2048K)
 Metaspace       used 36083K, committed 36416K, reserved 1089536K
  class space    used 3607K, committed 3776K, reserved 1048576K
}
Event: 4.693 GC heap after
{Heap after GC invocations=5 (full 0):
 garbage-first heap   total 131072K, used 15343K [0x00000000c0c00000, 0x0000000100000000)
  region size 1024K, 6 young (6144K), 6 survivors (6144K)
 Metaspace       used 36083K, committed 36416K, reserved 1089536K
  class space    used 3607K, committed 3776K, reserved 1048576K
}
Event: 4.721 GC heap before
{Heap before GC invocations=5 (full 0):
 garbage-first heap   total 131072K, used 15343K [0x00000000c0c00000, 0x0000000100000000)
  region size 1024K, 7 young (7168K), 6 survivors (6144K)
 Metaspace       used 36405K, committed 36736K, reserved 1089536K
  class space    used 3647K, committed 3776K, reserved 1048576K
}
Event: 4.732 GC heap after
{Heap after GC invocations=6 (full 0):
 garbage-first heap   total 131072K, used 15984K [0x00000000c0c00000, 0x0000000100000000)
  region size 1024K, 1 young (1024K), 1 survivors (1024K)
 Metaspace       used 36405K, committed 36736K, reserved 1089536K
  class space    used 3647K, committed 3776K, reserved 1048576K
}
Event: 4.748 GC heap before
{Heap before GC invocations=6 (full 0):
 garbage-first heap   total 131072K, used 15984K [0x00000000c0c00000, 0x0000000100000000)
  region size 1024K, 2 young (2048K), 1 survivors (1024K)
 Metaspace       used 36700K, committed 37056K, reserved 1089536K
  class space    used 3685K, committed 3840K, reserved 1048576K
}
Event: 4.750 GC heap after
{Heap after GC invocations=7 (full 0):
 garbage-first heap   total 131072K, used 15325K [0x00000000c0c00000, 0x0000000100000000)
  region size 1024K, 1 young (1024K), 1 survivors (1024K)
 Metaspace       used 36700K, committed 37056K, reserved 1089536K
  class space    used 3685K, committed 3840K, reserved 1048576K
}
Event: 20.464 GC heap before
{Heap before GC invocations=8 (full 0):
 garbage-first heap   total 131072K, used 75741K [0x00000000c0c00000, 0x0000000100000000)
  region size 1024K, 57 young (58368K), 1 survivors (1024K)
 Metaspace       used 57214K, committed 57728K, reserved 1105920K
  class space    used 6050K, committed 6272K, reserved 1048576K
}
Event: 20.476 GC heap after
{Heap after GC invocations=9 (full 0):
 garbage-first heap   total 131072K, used 22834K [0x00000000c0c00000, 0x0000000100000000)
  region size 1024K, 7 young (7168K), 7 survivors (7168K)
 Metaspace       used 57214K, committed 57728K, reserved 1105920K
  class space    used 6050K, committed 6272K, reserved 1048576K
}
Event: 20.495 GC heap before
{Heap before GC invocations=9 (full 0):
 garbage-first heap   total 131072K, used 23858K [0x00000000c0c00000, 0x0000000100000000)
  region size 1024K, 8 young (8192K), 7 survivors (7168K)
 Metaspace       used 57221K, committed 57792K, reserved 1105920K
  class space    used 6050K, committed 6272K, reserved 1048576K
}
Event: 20.504 GC heap after
{Heap after GC invocations=10 (full 0):
 garbage-first heap   total 131072K, used 23070K [0x00000000c0c00000, 0x0000000100000000)
  region size 1024K, 1 young (1024K), 1 survivors (1024K)
 Metaspace       used 57221K, committed 57792K, reserved 1105920K
  class space    used 6050K, committed 6272K, reserved 1048576K
}
Event: 305.676 GC heap before
{Heap before GC invocations=10 (full 0):
 garbage-first heap   total 131072K, used 47646K [0x00000000c0c00000, 0x0000000100000000)
  region size 1024K, 27 young (27648K), 1 survivors (1024K)
 Metaspace       used 62225K, committed 62720K, reserved 1105920K
  class space    used 6559K, committed 6784K, reserved 1048576K
}
Event: 305.680 GC heap after
{Heap after GC invocations=11 (full 0):
 garbage-first heap   total 131072K, used 23634K [0x00000000c0c00000, 0x0000000100000000)
  region size 1024K, 2 young (2048K), 2 survivors (2048K)
 Metaspace       used 62225K, committed 62720K, reserved 1105920K
  class space    used 6559K, committed 6784K, reserved 1048576K
}

Deoptimization events (20 events):
Event: 1627.254 Thread 0x000000004e095550 Uncommon trap: trap_request=0xffffffbe fr.pc=0x000000001658e32c relative=0x000000000000126c
Event: 1627.254 Thread 0x000000004e095550 Uncommon trap: reason=profile_predicate action=maybe_recompile pc=0x000000001658e32c method=java.util.concurrent.SynchronousQueue$TransferStack.transfer(Ljava/lang/Object;ZJ)Ljava/lang/Object; @ 120 c2
Event: 1627.254 Thread 0x000000004e095550 DEOPT PACKING pc=0x000000001658e32c sp=0x000000000082f380
Event: 1627.254 Thread 0x000000004e095550 DEOPT UNPACKING pc=0x00000000060b23a3 sp=0x000000000082f338 mode 2
Event: 1628.269 Thread 0x000000004e095550 Uncommon trap: trap_request=0xffffffbe fr.pc=0x000000001658e32c relative=0x000000000000126c
Event: 1628.269 Thread 0x000000004e095550 Uncommon trap: reason=profile_predicate action=maybe_recompile pc=0x000000001658e32c method=java.util.concurrent.SynchronousQueue$TransferStack.transfer(Ljava/lang/Object;ZJ)Ljava/lang/Object; @ 120 c2
Event: 1628.269 Thread 0x000000004e095550 DEOPT PACKING pc=0x000000001658e32c sp=0x000000000082f380
Event: 1628.269 Thread 0x000000004e095550 DEOPT UNPACKING pc=0x00000000060b23a3 sp=0x000000000082f338 mode 2
Event: 1628.755 Thread 0x000000004e095550 Uncommon trap: trap_request=0xffffffbe fr.pc=0x000000001658e32c relative=0x000000000000126c
Event: 1628.755 Thread 0x000000004e095550 Uncommon trap: reason=profile_predicate action=maybe_recompile pc=0x000000001658e32c method=java.util.concurrent.SynchronousQueue$TransferStack.transfer(Ljava/lang/Object;ZJ)Ljava/lang/Object; @ 120 c2
Event: 1628.755 Thread 0x000000004e095550 DEOPT PACKING pc=0x000000001658e32c sp=0x000000000082f380
Event: 1628.755 Thread 0x000000004e095550 DEOPT UNPACKING pc=0x00000000060b23a3 sp=0x000000000082f338 mode 2
Event: 1667.795 Thread 0x000000004e095550 Uncommon trap: trap_request=0xffffff5c fr.pc=0x00000000165933c8 relative=0x0000000000000888
Event: 1667.795 Thread 0x000000004e095550 Uncommon trap: reason=speculate_null_check action=make_not_entrant pc=0x00000000165933c8 method=java.util.concurrent.SynchronousQueue$TransferStack.transfer(Ljava/lang/Object;ZJ)Ljava/lang/Object; @ 198 c2
Event: 1667.795 Thread 0x000000004e095550 DEOPT PACKING pc=0x00000000165933c8 sp=0x000000000082f380
Event: 1667.795 Thread 0x000000004e095550 DEOPT UNPACKING pc=0x00000000060b23a3 sp=0x000000000082f330 mode 2
Event: 1740.420 Thread 0x000000004e093d40 Uncommon trap: trap_request=0xffffff5c fr.pc=0x0000000016597000 relative=0x00000000000018a0
Event: 1740.420 Thread 0x000000004e093d40 Uncommon trap: reason=speculate_null_check action=make_not_entrant pc=0x0000000016597000 method=java.util.concurrent.SynchronousQueue$TransferStack.transfer(Ljava/lang/Object;ZJ)Ljava/lang/Object; @ 306 c2
Event: 1740.420 Thread 0x000000004e093d40 DEOPT PACKING pc=0x0000000016597000 sp=0x000000000072f380
Event: 1740.420 Thread 0x000000004e093d40 DEOPT UNPACKING pc=0x00000000060b23a3 sp=0x000000000072f330 mode 2

Classes unloaded (20 events):
Event: 305.743 Thread 0x000000002b1aac90 Unloading class 0x000000010014b400 'java/lang/invoke/LambdaForm$MH+0x000000010014b400'
Event: 305.743 Thread 0x000000002b1aac90 Unloading class 0x0000000100149400 'java/lang/invoke/LambdaForm$MH+0x0000000100149400'
Event: 305.743 Thread 0x000000002b1aac90 Unloading class 0x0000000100148000 'java/lang/invoke/LambdaForm$DMH+0x0000000100148000'
Event: 305.743 Thread 0x000000002b1aac90 Unloading class 0x0000000100144000 'java/lang/invoke/LambdaForm$MH+0x0000000100144000'
Event: 305.743 Thread 0x000000002b1aac90 Unloading class 0x0000000100143c00 'java/lang/invoke/LambdaForm$MH+0x0000000100143c00'
Event: 305.743 Thread 0x000000002b1aac90 Unloading class 0x0000000100143800 'java/lang/invoke/LambdaForm$MH+0x0000000100143800'
Event: 305.743 Thread 0x000000002b1aac90 Unloading class 0x0000000100143400 'java/lang/invoke/LambdaForm$MH+0x0000000100143400'
Event: 305.743 Thread 0x000000002b1aac90 Unloading class 0x0000000100143000 'java/lang/invoke/LambdaForm$MH+0x0000000100143000'
Event: 305.743 Thread 0x000000002b1aac90 Unloading class 0x0000000100142c00 'java/lang/invoke/LambdaForm$MH+0x0000000100142c00'
Event: 305.743 Thread 0x000000002b1aac90 Unloading class 0x0000000100141800 'java/lang/invoke/LambdaForm$MH+0x0000000100141800'
Event: 305.743 Thread 0x000000002b1aac90 Unloading class 0x0000000100141000 'java/lang/invoke/LambdaForm$MH+0x0000000100141000'
Event: 305.743 Thread 0x000000002b1aac90 Unloading class 0x0000000100140800 'java/lang/invoke/LambdaForm$MH+0x0000000100140800'
Event: 305.743 Thread 0x000000002b1aac90 Unloading class 0x0000000100140000 'java/lang/invoke/LambdaForm$MH+0x0000000100140000'
Event: 305.743 Thread 0x000000002b1aac90 Unloading class 0x0000000100091400 'java/lang/invoke/LambdaForm$MH+0x0000000100091400'
Event: 305.743 Thread 0x000000002b1aac90 Unloading class 0x0000000100091000 'java/lang/invoke/LambdaForm$MH+0x0000000100091000'
Event: 305.743 Thread 0x000000002b1aac90 Unloading class 0x0000000100090c00 'java/lang/invoke/LambdaForm$MH+0x0000000100090c00'
Event: 305.743 Thread 0x000000002b1aac90 Unloading class 0x0000000100090800 'java/lang/invoke/LambdaForm$MH+0x0000000100090800'
Event: 305.743 Thread 0x000000002b1aac90 Unloading class 0x0000000100090000 'java/lang/invoke/LambdaForm$MH+0x0000000100090000'
Event: 305.743 Thread 0x000000002b1aac90 Unloading class 0x000000010008c400 'java/lang/invoke/LambdaForm$DMH+0x000000010008c400'
Event: 305.743 Thread 0x000000002b1aac90 Unloading class 0x000000010008c000 'java/lang/invoke/LambdaForm$DMH+0x000000010008c000'

Classes redefined (0 events):
No events

Internal exceptions (20 events):
Event: 320.580 Thread 0x000000004e092060 Exception <a 'java/lang/ClassNotFoundException'{0x00000000c7250768}: com/jetbrains/ls/requests/ValidateLicenseRequestCustomizer> (0x00000000c7250768) 
thrown [s\src\hotspot\share\classfile\systemDictionary.cpp, line 256]
Event: 320.728 Thread 0x000000004e092060 Exception <a 'java/lang/ClassNotFoundException'{0x00000000c71f9718}: com/jetbrains/ls/responses/ValidateLicenseResponseBeanInfo> (0x00000000c71f9718) 
thrown [s\src\hotspot\share\classfile\systemDictionary.cpp, line 256]
Event: 320.728 Thread 0x000000004e092060 Exception <a 'java/lang/ClassNotFoundException'{0x00000000c71fad20}: com/jetbrains/ls/responses/ValidateLicenseResponseCustomizer> (0x00000000c71fad20) 
thrown [s\src\hotspot\share\classfile\systemDictionary.cpp, line 256]
Event: 606.928 Thread 0x000000004e092060 Exception <a 'sun/nio/fs/WindowsException'{0x00000000c6edbc88}> (0x00000000c6edbc88) 
thrown [s\src\hotspot\share\prims\jni.cpp, line 517]
Event: 907.075 Thread 0x000000004e096890 Exception <a 'sun/nio/fs/WindowsException'{0x00000000c6dc95a8}> (0x00000000c6dc95a8) 
thrown [s\src\hotspot\share\prims\jni.cpp, line 517]
Event: 1207.104 Thread 0x000000004e0980a0 Exception <a 'sun/nio/fs/WindowsException'{0x00000000c6cc3ca0}> (0x00000000c6cc3ca0) 
thrown [s\src\hotspot\share\prims\jni.cpp, line 517]
Event: 1507.110 Thread 0x000000004e095550 Exception <a 'sun/nio/fs/WindowsException'{0x00000000c6690570}> (0x00000000c6690570) 
thrown [s\src\hotspot\share\prims\jni.cpp, line 517]
Event: 1507.111 Thread 0x000000004e095550 Exception <a 'sun/nio/fs/WindowsException'{0x00000000c66909e0}> (0x00000000c66909e0) 
thrown [s\src\hotspot\share\prims\jni.cpp, line 517]
Event: 1507.111 Thread 0x000000004e095550 Exception <a 'sun/nio/fs/WindowsException'{0x00000000c6690c70}> (0x00000000c6690c70) 
thrown [s\src\hotspot\share\prims\jni.cpp, line 517]
Event: 1507.111 Thread 0x000000004e095550 Exception <a 'sun/nio/fs/WindowsException'{0x00000000c6691388}> (0x00000000c6691388) 
thrown [s\src\hotspot\share\prims\jni.cpp, line 517]
Event: 1507.111 Thread 0x000000004e095550 Exception <a 'sun/nio/fs/WindowsException'{0x00000000c66915f8}> (0x00000000c66915f8) 
thrown [s\src\hotspot\share\prims\jni.cpp, line 517]
Event: 1507.111 Thread 0x000000004e095550 Exception <a 'sun/nio/fs/WindowsException'{0x00000000c6691ce0}> (0x00000000c6691ce0) 
thrown [s\src\hotspot\share\prims\jni.cpp, line 517]
Event: 1740.420 Thread 0x000000004e093d40 Implicit null exception at 0x0000000016595e72 to 0x0000000016596fec
Event: 1807.131 Thread 0x000000004e093d40 Exception <a 'sun/nio/fs/WindowsException'{0x00000000c656c9a8}> (0x00000000c656c9a8) 
thrown [s\src\hotspot\share\prims\jni.cpp, line 517]
Event: 2107.162 Thread 0x000000004e095080 Exception <a 'sun/nio/fs/WindowsException'{0x00000000c64798e0}> (0x00000000c64798e0) 
thrown [s\src\hotspot\share\prims\jni.cpp, line 517]
Event: 2407.170 Thread 0x000000004e0980a0 Exception <a 'sun/nio/fs/WindowsException'{0x00000000c636ea90}> (0x00000000c636ea90) 
thrown [s\src\hotspot\share\prims\jni.cpp, line 517]
Event: 2707.179 Thread 0x000000004e092060 Exception <a 'sun/nio/fs/WindowsException'{0x00000000c6214fc8}> (0x00000000c6214fc8) 
thrown [s\src\hotspot\share\prims\jni.cpp, line 517]
Event: 3007.197 Thread 0x000000004e098570 Exception <a 'sun/nio/fs/WindowsException'{0x00000000c62c7b88}> (0x00000000c62c7b88) 
thrown [s\src\hotspot\share\prims\jni.cpp, line 517]
Event: 3307.213 Thread 0x000000004e098570 Exception <a 'sun/nio/fs/WindowsException'{0x00000000c61bf0d8}> (0x00000000c61bf0d8) 
thrown [s\src\hotspot\share\prims\jni.cpp, line 517]
Event: 3607.219 Thread 0x000000004e098f10 Exception <a 'sun/nio/fs/WindowsException'{0x00000000c6069590}> (0x00000000c6069590) 
thrown [s\src\hotspot\share\prims\jni.cpp, line 517]

VM Operations (20 events):
Event: 2407.264 Executing VM operation: Cleanup
Event: 2407.264 Executing VM operation: Cleanup done
Event: 2614.040 Executing VM operation: Cleanup
Event: 2614.040 Executing VM operation: Cleanup done
Event: 2628.126 Executing VM operation: Cleanup
Event: 2628.126 Executing VM operation: Cleanup done
Event: 2674.532 Executing VM operation: Cleanup
Event: 2674.533 Executing VM operation: Cleanup done
Event: 3190.742 Executing VM operation: Cleanup
Event: 3190.742 Executing VM operation: Cleanup done
Event: 3191.755 Executing VM operation: Cleanup
Event: 3191.755 Executing VM operation: Cleanup done
Event: 3192.762 Executing VM operation: Cleanup
Event: 3192.762 Executing VM operation: Cleanup done
Event: 3199.812 Executing VM operation: Cleanup
Event: 3199.813 Executing VM operation: Cleanup done
Event: 3247.246 Executing VM operation: Cleanup
Event: 3247.246 Executing VM operation: Cleanup done
Event: 3739.557 Executing VM operation: Cleanup
Event: 3739.558 Executing VM operation: Cleanup done

Events (20 events):
Event: 2360.030 Thread 0x000000004e092a00 Thread exited: 0x000000004e092a00
Event: 2454.496 Thread 0x000000004e092a00 Thread added: 0x000000004e092a00
Event: 2516.529 Thread 0x000000004e092a00 Thread exited: 0x000000004e092a00
Event: 2615.947 Thread 0x000000004e092060 Thread added: 0x000000004e092060
Event: 2710.228 Thread 0x000000004e0980a0 Thread exited: 0x000000004e0980a0
Event: 2793.446 Thread 0x000000004e0980a0 Thread added: 0x000000004e0980a0
Event: 2853.453 Thread 0x000000004e092060 Thread exited: 0x000000004e092060
Event: 2910.779 Thread 0x000000004e098570 Thread added: 0x000000004e098570
Event: 3019.264 Thread 0x000000004e0980a0 Thread exited: 0x000000004e0980a0
Event: 3082.270 Thread 0x000000004e0933a0 Thread added: 0x000000004e0933a0
Event: 3142.275 Thread 0x000000004e098570 Thread exited: 0x000000004e098570
Event: 3143.707 Thread 0x000000004e0980a0 Thread added: 0x000000004e0980a0
Event: 3203.714 Thread 0x000000004e0933a0 Thread exited: 0x000000004e0933a0
Event: 3256.677 Thread 0x000000004e098570 Thread added: 0x000000004e098570
Event: 3316.690 Thread 0x000000004e0980a0 Thread exited: 0x000000004e0980a0
Event: 3439.335 Thread 0x000000004e0980a0 Thread added: 0x000000004e0980a0
Event: 3537.678 Thread 0x000000004e098570 Thread exited: 0x000000004e098570
Event: 3581.584 Thread 0x000000004e098f10 Thread added: 0x000000004e098f10
Event: 3641.682 Thread 0x000000004e0980a0 Thread exited: 0x000000004e0980a0
Event: 3787.520 Thread 0x000000004e0933a0 Thread added: 0x000000004e0933a0


Dynamic libraries:
0x0000000140000000 - 0x000000014015a000 	C:\Program Files\JetBrains\DataGrip 2022.2.5\bin\datagrip64.exe
0x00007ffaf35d0000 - 0x00007ffaf37c8000 	C:\WINDOWS\SYSTEM32\ntdll.dll
0x00007ffaf33a0000 - 0x00007ffaf345f000 	C:\WINDOWS\System32\KERNEL32.DLL
0x00007ffaf1310000 - 0x00007ffaf15e2000 	C:\WINDOWS\System32\KERNELBASE.dll
0x00007ffaf2f10000 - 0x00007ffaf30ad000 	C:\WINDOWS\System32\USER32.dll
0x00007ffaf15f0000 - 0x00007ffaf1612000 	C:\WINDOWS\System32\win32u.dll
0x00007ffaf1760000 - 0x00007ffaf178b000 	C:\WINDOWS\System32\GDI32.dll
0x00007ffaf10d0000 - 0x00007ffaf11df000 	C:\WINDOWS\System32\gdi32full.dll
0x00007ffaf0fc0000 - 0x00007ffaf105d000 	C:\WINDOWS\System32\msvcp_win.dll
0x00007ffaf1210000 - 0x00007ffaf1310000 	C:\WINDOWS\System32\ucrtbase.dll
0x00007ffaf2100000 - 0x00007ffaf2843000 	C:\WINDOWS\System32\SHELL32.dll
0x00007ffaf2900000 - 0x00007ffaf2a2a000 	C:\WINDOWS\System32\ole32.dll
0x00007ffaf3460000 - 0x00007ffaf3585000 	C:\WINDOWS\System32\RPCRT4.dll
0x00007ffaf2a40000 - 0x00007ffaf2d94000 	C:\WINDOWS\System32\combase.dll
0x00007ffaf1ac0000 - 0x00007ffaf1b6e000 	C:\WINDOWS\System32\ADVAPI32.dll
0x00007ffaf1a20000 - 0x00007ffaf1abe000 	C:\WINDOWS\System32\msvcrt.dll
0x00007ffaf2060000 - 0x00007ffaf20fc000 	C:\WINDOWS\System32\sechost.dll
0x00007ffaf2e00000 - 0x00007ffaf2e32000 	C:\WINDOWS\System32\IMM32.DLL
0x00007ffaf2850000 - 0x00007ffaf28fd000 	C:\WINDOWS\System32\shcore.dll
0x00007ffac3660000 - 0x00007ffac42c9000 	C:\Program Files\JetBrains\DataGrip 2022.2.5\jbr\bin\server\jvm.dll
0x00007ffaf31e0000 - 0x00007ffaf31e8000 	C:\WINDOWS\System32\PSAPI.DLL
0x00007ffaef3d0000 - 0x00007ffaef3d9000 	C:\WINDOWS\SYSTEM32\WSOCK32.dll
0x00007ffaf3170000 - 0x00007ffaf31db000 	C:\WINDOWS\System32\WS2_32.dll
0x00007ffada170000 - 0x00007ffada197000 	C:\WINDOWS\SYSTEM32\WINMM.dll
0x00007ffae7af0000 - 0x00007ffae7afa000 	C:\WINDOWS\SYSTEM32\VERSION.dll
0x00007ffad9710000 - 0x00007ffad972b000 	C:\WINDOWS\SYSTEM32\VCRUNTIME140.dll
0x00007ffad72c0000 - 0x00007ffad72cc000 	C:\WINDOWS\SYSTEM32\VCRUNTIME140_1.dll
0x00007ffaeea10000 - 0x00007ffaeebf4000 	C:\WINDOWS\SYSTEM32\DBGHELP.DLL
0x00007ffad8ec0000 - 0x00007ffad8eec000 	C:\WINDOWS\SYSTEM32\dbgcore.DLL
0x00007ffaf0d80000 - 0x00007ffaf0e02000 	C:\WINDOWS\System32\bcryptPrimitives.dll
0x00007ffaef530000 - 0x00007ffaef542000 	C:\WINDOWS\SYSTEM32\kernel.appcore.dll
0x00007ffaeec00000 - 0x00007ffaef392000 	C:\WINDOWS\SYSTEM32\windows.storage.dll
0x00007ffaf0650000 - 0x00007ffaf0680000 	C:\WINDOWS\SYSTEM32\Wldp.dll
0x00007ffaf3110000 - 0x00007ffaf3165000 	C:\WINDOWS\System32\shlwapi.dll
0x00007ffaf0c10000 - 0x00007ffaf0c2f000 	C:\WINDOWS\SYSTEM32\profapi.dll
0x00007ffaf0360000 - 0x00007ffaf03ca000 	C:\WINDOWS\system32\mswsock.dll
0x00007ffaf0530000 - 0x00007ffaf0548000 	C:\WINDOWS\SYSTEM32\CRYPTSP.dll
0x00007ffaefc90000 - 0x00007ffaefcc4000 	C:\WINDOWS\system32\rsaenh.dll
0x00007ffaf11e0000 - 0x00007ffaf1207000 	C:\WINDOWS\System32\bcrypt.dll
0x00007ffaf0bd0000 - 0x00007ffaf0bfe000 	C:\WINDOWS\SYSTEM32\USERENV.dll
0x00007ffaf0520000 - 0x00007ffaf052c000 	C:\WINDOWS\SYSTEM32\CRYPTBASE.dll
0x00007ffaf1690000 - 0x00007ffaf175d000 	C:\WINDOWS\System32\OLEAUT32.dll
0x00007ffaee010000 - 0x00007ffaee0a1000 	C:\WINDOWS\SYSTEM32\apphelp.dll
0x00007ffaf0060000 - 0x00007ffaf009b000 	C:\WINDOWS\SYSTEM32\IPHLPAPI.DLL
0x00007ffaf2a30000 - 0x00007ffaf2a38000 	C:\WINDOWS\System32\NSI.dll
0x00007ffae6030000 - 0x00007ffae6047000 	C:\WINDOWS\SYSTEM32\dhcpcsvc6.DLL
0x00007ffae5eb0000 - 0x00007ffae5ecd000 	C:\WINDOWS\SYSTEM32\dhcpcsvc.DLL
0x00007ffaf00b0000 - 0x00007ffaf017a000 	C:\WINDOWS\SYSTEM32\DNSAPI.dll
0x00007ffac3060000 - 0x00007ffac3110000 	C:\WINDOWS\WinSxS\amd64_microsoft.windows.common-controls_6595b64144ccf1df_5.82.19041.1110_none_792d1c772443f647\COMCTL32.dll
0x00007ffaee2a0000 - 0x00007ffaee33e000 	C:\WINDOWS\system32\uxtheme.dll
0x00007ffaf1820000 - 0x00007ffaf1935000 	C:\WINDOWS\System32\MSCTF.dll
0x00007ffacf110000 - 0x00007ffacf235000 	C:\WINDOWS\system32\opengl32.dll
0x00007ffacf0a0000 - 0x00007ffacf0cc000 	C:\WINDOWS\SYSTEM32\GLU32.dll
0x00007ffad8780000 - 0x00007ffad8787000 	C:\WINDOWS\system32\wshunix.dll
0x00007ffadead0000 - 0x00007ffadeada000 	C:\Windows\System32\rasadhlp.dll
0x00007ffadec00000 - 0x00007ffadec80000 	C:\WINDOWS\System32\fwpuclnt.dll
0x00007ffad6cb0000 - 0x00007ffad6cc7000 	C:\WINDOWS\system32\napinsp.dll
0x00007ffad6340000 - 0x00007ffad635b000 	C:\WINDOWS\system32\pnrpnsp.dll
0x00007ffaeb120000 - 0x00007ffaeb135000 	C:\WINDOWS\system32\wshbth.dll
0x00007ffaebe60000 - 0x00007ffaebe7d000 	C:\WINDOWS\system32\NLAapi.dll
0x00007ffad5f50000 - 0x00007ffad5f62000 	C:\WINDOWS\System32\winrnr.dll

dbghelp: loaded successfully - version: 4.0.5 - missing functions: none
symbol engine: initialized successfully - sym options: 0x614 - pdb path: .;C:\Program Files\JetBrains\DataGrip 2022.2.5\bin;C:\WINDOWS\SYSTEM32;C:\Program Files\JetBrains\DataGrip 2022.2.5\jbr\bin\server;C:\Program Files\JetBrains\DataGrip 2022.2.5\jbr\bin;C:\WINDOWS\WinSxS\amd64_microsoft.windows.common-controls_6595b64144ccf1df_5.82.19041.1110_none_792d1c772443f647

VM Arguments:
jvm_args: exit -Xms128m -Xmx750m -XX:ReservedCodeCacheSize=512m -XX:+UseG1GC -XX:SoftRefLRUPolicyMSPerMB=50 -XX:CICompilerCount=2 -XX:+HeapDumpOnOutOfMemoryError -XX:-OmitStackTraceInFastThrow -XX:+IgnoreUnrecognizedVMOptions -XX:CompileCommand=exclude,com/intellij/openapi/vfs/impl/FilePartNodeRoot,trieDescend -ea -Dsun.io.useCanonCaches=false -Dsun.java2d.metal=true -Djbr.catch.SIGABRT=true -Djdk.http.auth.tunneling.disabledSchemes="" -Djdk.attach.allowAttachSelf=true -Djdk.module.illegalAccess.silent=true -Dkotlinx.coroutines.debug=off -Xmx1011m -Djb.vmOptionsFile=C:\Users\gabri\AppData\Roaming\\JetBrains\\DataGrip2022.2\datagrip64.exe.vmoptions -Djava.system.class.loader=com.intellij.util.lang.PathClassLoader -Didea.strict.classpath=true -Didea.vendor.name=JetBrains -Didea.paths.selector=DataGrip2022.2 -Didea.platform.prefix=DataGrip --add-opens=java.base/java.io=ALL-UNNAMED --add-opens=java.base/java.lang=ALL-UNNAMED --add-opens=java.base/java.lang.reflect=ALL-UNNAMED --add-opens=java.base/java.net=ALL-UNNAMED --add-opens=java.base/java.nio=ALL-UNNAMED --add-opens=java.base/java.nio.charset=ALL-UNNAMED --add-opens=java.base/java.text=ALL-UNNAMED --add-opens=java.base/java.time=ALL-UNNAMED --add-opens=java.base/java.util=ALL-UNNAMED --add-opens=java.base/java.util.concurrent=ALL-UNNAMED --add-opens=java.base/java.util.concurrent.atomic=ALL-UNNAMED --add-opens=java.base/jdk.internal.vm=ALL-UNNAMED --add-opens=java.base/sun.nio.ch=ALL-UNNAMED --add-opens=java.base/sun.security.ssl=ALL-UNNAMED --add-opens=java.base/sun.security.util=ALL-UNNAMED --add-opens=java.desktop/java.awt=ALL-UNNAMED --add-opens=java.desktop/java.awt.dnd.peer=ALL-UNNAMED --add-opens=java.desktop/java.awt.event=ALL-UNNAMED --add-opens=java.desktop/java.awt.image=ALL-UNNAMED --add-opens=java.desktop/java.awt.peer=ALL-UNNAMED --add-opens=java.desktop/javax.swing=ALL-UNNAMED --add-opens=java.desktop/javax.swing.plaf.basic=ALL-UNNAMED --add-opens=java.desktop/javax.swing.text.html=ALL-UNNAMED --add-opens=java.desktop/sun.awt.datatransfer=ALL-UNNAMED --add-opens=java.desktop/sun.awt.image=ALL-UNNAMED --add-opens=java.desktop/sun.awt.windows=ALL-UNNAMED --add-opens=java.desktop/sun.awt=ALL-UNNAMED --add-opens=java.desktop/sun.font=ALL-UNNAMED --add-opens=java.desktop/sun.java2d=ALL-UNNAMED --add-opens=java.desktop/sun.swing=ALL-UNNAMED --add-opens=jdk.attach/sun.tools.attach=ALL-UNNAMED --add-opens=jdk.compiler/com.sun.tools.javac.api=ALL-UNNAMED --add-opens=jdk.internal.jvmstat/sun.jvmstat.monitor=ALL-UNNAMED --add-opens=jdk.jdi/com.sun.tools.jdi=ALL-UNNAMED -Dide.native.launcher=true -XX:ErrorFile=C:\Users\gabri\\java_error_in_datagrip64_%p.log -XX:HeapDumpPath=C:\Users\gabri\\java_error_in_datagrip64.hprof 
java_command: <unknown>
java_class_path (initial): C:\Program Files\JetBrains\DataGrip 2022.2.5\lib\util.jar;C:\Program Files\JetBrains\DataGrip 2022.2.5\lib\app.jar;C:\Program Files\JetBrains\DataGrip 2022.2.5\lib\3rd-party-rt.jar;C:\Program Files\JetBrains\DataGrip 2022.2.5\lib\jna.jar;C:\Program Files\JetBrains\DataGrip 2022.2.5\lib\platform-statistics-devkit.jar;C:\Program Files\JetBrains\DataGrip 2022.2.5\lib\jps-model.jar;C:\Program Files\JetBrains\DataGrip 2022.2.5\lib\rd-core.jar;C:\Program Files\JetBrains\DataGrip 2022.2.5\lib\rd-framework.jar;C:\Program Files\JetBrains\DataGrip 2022.2.5\lib\stats.jar;C:\Program Files\JetBrains\DataGrip 2022.2.5\lib\protobuf.jar;C:\Program Files\JetBrains\DataGrip 2022.2.5\lib\external-system-rt.jar;C:\Program Files\JetBrains\DataGrip 2022.2.5\lib\forms_rt.jar;C:\Program Files\JetBrains\DataGrip 2022.2.5\lib\intellij-test-discovery.jar;C:\Program Files\JetBrains\DataGrip 2022.2.5\lib\rd-swing.jar;C:\Program Files\JetBrains\DataGrip 2022.2.5\lib\groovy.jar;C:\Program Files\JetBrains\DataGrip 2022.2.5\lib\annotations-java5.jar;C:\Program Files\JetBrains\DataGrip 2022.2.5\lib\asm-9.2.jar;C:\Program Files\JetBrains\DataGrip 2022.2.5\lib\asm-analysis-9.2.jar;C:\Program Files\JetBrains\DataGrip 2022.2.5\lib\asm-commons-9.2.jar;C:\Program Files\JetBrains\DataGrip 2022.2.5\lib\asm-tree-9.2.jar;C:\Program Files\JetBrains\DataGrip 2022.2.5\lib\asm-util-9.2.jar;C:\Program Files\JetBrains\DataGrip 2022.2.5\lib\async-profiler.jar;C:\Program Files\JetBrains\DataGrip 2022.2.5\lib\byte-buddy-agent.jar;C:\Program Files\JetBrains\DataGrip 2022.2.5\lib\error-prone-annotations.jar;C:\Program Files\JetBrains\DataGrip 2022.2.5\lib\externalProcess-rt.jar;C:\Program Files\JetBrains\DataGrip 2022.2.5\lib\grpc-netty-shaded.jar;C:\Program Files\JetBrains\DataGrip 2022.2.5\lib\intellij-coverage-agent-1.0.673.jar;C:\Program Files\JetBrains\DataGrip 2022.2.5\lib\jetbrains-annotations.jar;C:\Program Files\JetBrains\DataGrip 2022.2.5\lib\jffi-1.3.9-native.jar;C:\Program Files\
Launcher Type: generic

[Global flags]
     intx CICompilerCount                          = 2                                         {product} {command line}
ccstrlist CompileCommand                           = exclude,com/intellij/openapi/vfs/impl/FilePartNodeRoot,trieDescend            {product} {command line}
     uint ConcGCThreads                            = 1                                         {product} {ergonomic}
    ccstr ErrorFile                                = C:\Users\gabri\\java_error_in_datagrip64_%p.log            {product} {command line}
     uint G1ConcRefinementThreads                  = 4                                         {product} {ergonomic}
   size_t G1HeapRegionSize                         = 1048576                                   {product} {ergonomic}
    uintx GCDrainStackTargetSize                   = 64                                        {product} {ergonomic}
     bool HeapDumpOnOutOfMemoryError               = true                                   {manageable} {command line}
    ccstr HeapDumpPath                             = C:\Users\gabri\\java_error_in_datagrip64.hprof         {manageable} {command line}
     bool IgnoreUnrecognizedVMOptions              = true                                      {product} {command line}
   size_t InitialHeapSize                          = 134217728                                 {product} {command line}
   size_t MarkStackSize                            = 4194304                                   {product} {ergonomic}
   size_t MaxHeapSize                              = 1061158912                                {product} {command line, ergonomic}
   size_t MaxNewSize                               = 636485632                                 {product} {ergonomic}
   size_t MinHeapDeltaBytes                        = 1048576                                   {product} {ergonomic}
   size_t MinHeapSize                              = 134217728                                 {product} {command line}
    uintx NonNMethodCodeHeapSize                   = 5826188                                {pd product} {ergonomic}
    uintx NonProfiledCodeHeapSize                  = 265522362                              {pd product} {ergonomic}
     bool OmitStackTraceInFastThrow                = false                                     {product} {command line}
    uintx ProfiledCodeHeapSize                     = 265522362                              {pd product} {ergonomic}
    uintx ReservedCodeCacheSize                    = 536870912                              {pd product} {command line}
     bool SegmentedCodeCache                       = true                                      {product} {ergonomic}
   size_t SoftMaxHeapSize                          = 1061158912                             {manageable} {ergonomic}
     intx SoftRefLRUPolicyMSPerMB                  = 50                                        {product} {command line}
   double SweeperThreshold                         = 0.234375                                  {product} {ergonomic}
     bool UseCompressedClassPointers               = true                           {product lp64_product} {ergonomic}
     bool UseCompressedOops                        = true                           {product lp64_product} {ergonomic}
     bool UseG1GC                                  = true                                      {product} {command line}
     bool UseLargePagesIndividualAllocation        = false                                  {pd product} {ergonomic}

Logging:
Log output configuration:
 #0: stdout all=warning uptime,level,tags
 #1: stderr all=off uptime,level,tags

Environment Variables:
PATH=C:\Program Files (x86)\VMware\VMware Player\bin\;C:\Program Files (x86)\Intel\iCLS Client\;C:\Program Files\Intel\iCLS Client\;C:\WINDOWS\system32;C:\WINDOWS;C:\WINDOWS\System32\Wbem;C:\WINDOWS\System32\WindowsPowerShell\v1.0\;C:\Program Files (x86)\Intel\Intel(R) Management Engine Components\DAL;C:\Program Files\Intel\Intel(R) Management Engine Components\DAL;C:\Program Files (x86)\Intel\Intel(R) Management Engine Components\IPT;C:\Program Files\Intel\Intel(R) Management Engine Components\IPT;C:\Program Files\Intel\WiFi\bin\;C:\Program Files\Common Files\Intel\WirelessCommon\;C:\WINDOWS\System32\OpenSSH\;C:\Program Files\Git\cmd;C:\Users\gabri\AppData\Local\Microsoft\WindowsApps;;C:\Program Files\JetBrains\DataGrip 2022.3\bin;
USERNAME=Gabriel Rgd
OS=Windows_NT
PROCESSOR_IDENTIFIER=Intel64 Family 6 Model 78 Stepping 3, GenuineIntel
TMP=C:\Users\gabri\AppData\Local\Temp
TEMP=C:\Users\gabri\AppData\Local\Temp



---------------  S Y S T E M  ---------------

OS:
 Windows 10 , 64 bit Build 19041 (10.0.19041.2251)
OS uptime: 0 days 1:04 hours
Hyper-V role detected

CPU: total 4 (initial active 4) (2 cores per cpu, 2 threads per core) family 6 model 78 stepping 3 microcode 0xcc, cx8, cmov, fxsr, ht, mmx, 3dnowpref, sse, sse2, sse3, ssse3, sse4.1, sse4.2, popcnt, lzcnt, tsc, tscinvbit, avx, avx2, aes, erms, clmul, bmi1, bmi2, adx, fma, vzeroupper, clflush, clflushopt, hv

Memory: 4k page, system-wide physical 8094M (2880M free)
TotalPageFile size 13728M (AvailPageFile size 4098M)
current process WorkingSet (physical memory assigned to process): 116M, peak: 296M
current process commit charge ("private bytes"): 302M, peak: 327M

vm_info: OpenJDK 64-Bit Server VM (17.0.4+7-b469.53) for windows-amd64 JRE (17.0.4+7-b469.53), built on 2022-08-29 by "builduser" with MS VC++ 16.10 / 16.11 (VS2019)

END.
